mode: set
gitlab.apk-group.net/siem/backend/asset-discovery/internal/asset/service.go:32.61,36.2 1 1
gitlab.apk-group.net/siem/backend/asset-discovery/internal/asset/service.go:38.127,49.16 4 1
gitlab.apk-group.net/siem/backend/asset-discovery/internal/asset/service.go:49.16,50.48 1 1
gitlab.apk-group.net/siem/backend/asset-discovery/internal/asset/service.go:50.48,53.4 2 1
gitlab.apk-group.net/siem/backend/asset-discovery/internal/asset/service.go:54.3,54.54 1 1
gitlab.apk-group.net/siem/backend/asset-discovery/internal/asset/service.go:54.54,57.4 2 1
gitlab.apk-group.net/siem/backend/asset-discovery/internal/asset/service.go:58.3,59.40 2 1
gitlab.apk-group.net/siem/backend/asset-discovery/internal/asset/service.go:62.2,63.21 2 1
gitlab.apk-group.net/siem/backend/asset-discovery/internal/asset/service.go:66.105,74.16 6 1
gitlab.apk-group.net/siem/backend/asset-discovery/internal/asset/service.go:74.16,77.3 2 1
gitlab.apk-group.net/siem/backend/asset-discovery/internal/asset/service.go:79.2,79.19 1 1
gitlab.apk-group.net/siem/backend/asset-discovery/internal/asset/service.go:79.19,82.3 2 1
gitlab.apk-group.net/siem/backend/asset-discovery/internal/asset/service.go:84.2,84.22 1 1
gitlab.apk-group.net/siem/backend/asset-discovery/internal/asset/service.go:84.22,87.3 2 1
gitlab.apk-group.net/siem/backend/asset-discovery/internal/asset/service.go:89.2,90.24 2 1
gitlab.apk-group.net/siem/backend/asset-discovery/internal/asset/service.go:93.110,98.16 4 1
gitlab.apk-group.net/siem/backend/asset-discovery/internal/asset/service.go:98.16,101.3 2 1
gitlab.apk-group.net/siem/backend/asset-discovery/internal/asset/service.go:103.2,104.20 2 1
gitlab.apk-group.net/siem/backend/asset-discovery/internal/asset/service.go:107.152,112.16 4 1
gitlab.apk-group.net/siem/backend/asset-discovery/internal/asset/service.go:112.16,115.3 2 1
gitlab.apk-group.net/siem/backend/asset-discovery/internal/asset/service.go:117.2,118.20 2 1
gitlab.apk-group.net/siem/backend/asset-discovery/internal/asset/service.go:121.165,133.16 4 1
gitlab.apk-group.net/siem/backend/asset-discovery/internal/asset/service.go:133.16,136.3 2 1
gitlab.apk-group.net/siem/backend/asset-discovery/internal/asset/service.go:138.2,143.27 2 1
gitlab.apk-group.net/siem/backend/asset-discovery/internal/asset/service.go:146.84,157.16 4 1
gitlab.apk-group.net/siem/backend/asset-discovery/internal/asset/service.go:157.16,158.48 1 1
gitlab.apk-group.net/siem/backend/asset-discovery/internal/asset/service.go:158.48,161.4 2 1
gitlab.apk-group.net/siem/backend/asset-discovery/internal/asset/service.go:162.3,163.30 2 1
gitlab.apk-group.net/siem/backend/asset-discovery/internal/asset/service.go:166.2,167.12 2 1
gitlab.apk-group.net/siem/backend/asset-discovery/internal/asset/service.go:171.116,179.50 2 1
gitlab.apk-group.net/siem/backend/asset-discovery/internal/asset/service.go:179.50,182.17 3 1
gitlab.apk-group.net/siem/backend/asset-discovery/internal/asset/service.go:182.17,185.4 2 1
gitlab.apk-group.net/siem/backend/asset-discovery/internal/asset/service.go:187.3,188.54 2 1
gitlab.apk-group.net/siem/backend/asset-discovery/internal/asset/service.go:189.8,189.45 1 1
gitlab.apk-group.net/siem/backend/asset-discovery/internal/asset/service.go:189.45,193.20 2 1
gitlab.apk-group.net/siem/backend/asset-discovery/internal/asset/service.go:193.20,197.4 3 1
gitlab.apk-group.net/siem/backend/asset-discovery/internal/asset/service.go:200.3,202.54 3 1
gitlab.apk-group.net/siem/backend/asset-discovery/internal/asset/service.go:206.2,207.25 2 1
gitlab.apk-group.net/siem/backend/asset-discovery/internal/asset/service.go:207.25,209.17 2 1
gitlab.apk-group.net/siem/backend/asset-discovery/internal/asset/service.go:209.17,212.4 2 1
gitlab.apk-group.net/siem/backend/asset-discovery/internal/asset/service.go:213.3,213.45 1 1
gitlab.apk-group.net/siem/backend/asset-discovery/internal/asset/service.go:216.2,219.19 2 1
gitlab.apk-group.net/siem/backend/asset-discovery/internal/asset/service.go:219.19,220.14 1 1
gitlab.apk-group.net/siem/backend/asset-discovery/internal/asset/service.go:220.14,225.4 3 1
gitlab.apk-group.net/siem/backend/asset-discovery/internal/asset/service.go:227.3,230.54 3 1
gitlab.apk-group.net/siem/backend/asset-discovery/internal/asset/service.go:234.2,234.13 1 1
gitlab.apk-group.net/siem/backend/asset-discovery/internal/asset/service.go:234.13,235.27 1 1
gitlab.apk-group.net/siem/backend/asset-discovery/internal/asset/service.go:235.27,239.4 3 1
gitlab.apk-group.net/siem/backend/asset-discovery/internal/asset/service.go:241.3,243.54 3 1
gitlab.apk-group.net/siem/backend/asset-discovery/internal/asset/service.go:246.2,246.26 1 1
gitlab.apk-group.net/siem/backend/asset-discovery/internal/asset/service.go:246.26,249.3 2 1
gitlab.apk-group.net/siem/backend/asset-discovery/internal/asset/service.go:251.2,253.53 3 1
gitlab.apk-group.net/siem/backend/asset-discovery/internal/asset/service.go:257.166,266.16 4 1
gitlab.apk-group.net/siem/backend/asset-discovery/internal/asset/service.go:266.16,269.3 2 1
gitlab.apk-group.net/siem/backend/asset-discovery/internal/asset/service.go:271.2,277.24 2 1
gitlab.apk-group.net/siem/backend/asset-discovery/internal/asset/service.go:281.99,288.23 4 1
gitlab.apk-group.net/siem/backend/asset-discovery/internal/asset/service.go:288.23,291.3 2 1
gitlab.apk-group.net/siem/backend/asset-discovery/internal/asset/service.go:293.2,301.32 3 1
gitlab.apk-group.net/siem/backend/asset-discovery/internal/asset/service.go:301.32,303.3 1 1
gitlab.apk-group.net/siem/backend/asset-discovery/internal/asset/service.go:305.2,306.20 2 1
gitlab.apk-group.net/siem/backend/asset-discovery/internal/asset/service.go:306.20,308.3 1 1
gitlab.apk-group.net/siem/backend/asset-discovery/internal/asset/service.go:311.2,312.32 2 1
gitlab.apk-group.net/siem/backend/asset-discovery/internal/asset/service.go:312.32,313.41 1 1
gitlab.apk-group.net/siem/backend/asset-discovery/internal/asset/service.go:313.41,314.42 1 1
gitlab.apk-group.net/siem/backend/asset-discovery/internal/asset/service.go:314.42,316.5 1 1
gitlab.apk-group.net/siem/backend/asset-discovery/internal/asset/service.go:321.2,322.34 2 1
gitlab.apk-group.net/siem/backend/asset-discovery/internal/asset/service.go:322.34,323.43 1 0
gitlab.apk-group.net/siem/backend/asset-discovery/internal/asset/service.go:323.43,324.25 1 0
gitlab.apk-group.net/siem/backend/asset-discovery/internal/asset/service.go:324.25,326.5 1 0
gitlab.apk-group.net/siem/backend/asset-discovery/internal/asset/service.go:331.2,332.35 2 1
gitlab.apk-group.net/siem/backend/asset-discovery/internal/asset/service.go:332.35,333.44 1 0
gitlab.apk-group.net/siem/backend/asset-discovery/internal/asset/service.go:333.44,334.25 1 0
gitlab.apk-group.net/siem/backend/asset-discovery/internal/asset/service.go:334.25,336.5 1 0
gitlab.apk-group.net/siem/backend/asset-discovery/internal/asset/service.go:340.2,345.46 4 1
gitlab.apk-group.net/siem/backend/asset-discovery/internal/asset/service.go:345.46,348.3 2 0
gitlab.apk-group.net/siem/backend/asset-discovery/internal/asset/service.go:350.2,357.41 4 1
gitlab.apk-group.net/siem/backend/asset-discovery/internal/asset/service.go:357.41,360.3 2 0
gitlab.apk-group.net/siem/backend/asset-discovery/internal/asset/service.go:363.2,364.42 2 1
gitlab.apk-group.net/siem/backend/asset-discovery/internal/asset/service.go:364.42,367.3 2 0
gitlab.apk-group.net/siem/backend/asset-discovery/internal/asset/service.go:370.2,372.41 2 1
gitlab.apk-group.net/siem/backend/asset-discovery/internal/asset/service.go:372.41,375.3 2 0
gitlab.apk-group.net/siem/backend/asset-discovery/internal/asset/service.go:377.2,377.42 1 1
gitlab.apk-group.net/siem/backend/asset-discovery/internal/asset/service.go:377.42,380.3 2 0
gitlab.apk-group.net/siem/backend/asset-discovery/internal/asset/service.go:383.2,383.42 1 1
gitlab.apk-group.net/siem/backend/asset-discovery/internal/asset/service.go:383.42,384.32 1 1
gitlab.apk-group.net/siem/backend/asset-discovery/internal/asset/service.go:384.32,388.4 3 0
gitlab.apk-group.net/siem/backend/asset-discovery/internal/asset/service.go:392.2,392.35 1 1
gitlab.apk-group.net/siem/backend/asset-discovery/internal/asset/service.go:392.35,397.19 4 0
gitlab.apk-group.net/siem/backend/asset-discovery/internal/asset/service.go:397.19,400.4 2 0
gitlab.apk-group.net/siem/backend/asset-discovery/internal/asset/service.go:403.3,403.35 1 0
gitlab.apk-group.net/siem/backend/asset-discovery/internal/asset/service.go:403.35,405.27 1 0
gitlab.apk-group.net/siem/backend/asset-discovery/internal/asset/service.go:405.27,406.28 1 0
gitlab.apk-group.net/siem/backend/asset-discovery/internal/asset/service.go:406.28,414.46 5 0
gitlab.apk-group.net/siem/backend/asset-discovery/internal/asset/service.go:414.46,416.7 1 0
gitlab.apk-group.net/siem/backend/asset-discovery/internal/asset/service.go:419.9,419.26 1 0
gitlab.apk-group.net/siem/backend/asset-discovery/internal/asset/service.go:419.26,421.27 1 0
gitlab.apk-group.net/siem/backend/asset-discovery/internal/asset/service.go:421.27,428.45 4 0
gitlab.apk-group.net/siem/backend/asset-discovery/internal/asset/service.go:428.45,430.6 1 0
gitlab.apk-group.net/siem/backend/asset-discovery/internal/asset/service.go:432.9,432.26 1 0
gitlab.apk-group.net/siem/backend/asset-discovery/internal/asset/service.go:432.26,434.27 1 0
gitlab.apk-group.net/siem/backend/asset-discovery/internal/asset/service.go:434.27,441.45 4 0
gitlab.apk-group.net/siem/backend/asset-discovery/internal/asset/service.go:441.45,443.6 1 0
gitlab.apk-group.net/siem/backend/asset-discovery/internal/asset/service.go:445.9,450.44 3 0
gitlab.apk-group.net/siem/backend/asset-discovery/internal/asset/service.go:450.44,452.5 1 0
gitlab.apk-group.net/siem/backend/asset-discovery/internal/asset/service.go:456.2,456.42 1 1
gitlab.apk-group.net/siem/backend/asset-discovery/internal/asset/service.go:456.42,458.32 2 1
gitlab.apk-group.net/siem/backend/asset-discovery/internal/asset/service.go:458.32,460.28 2 0
gitlab.apk-group.net/siem/backend/asset-discovery/internal/asset/service.go:460.28,461.13 1 0
gitlab.apk-group.net/siem/backend/asset-discovery/internal/asset/service.go:465.3,468.43 3 1
gitlab.apk-group.net/siem/backend/asset-discovery/internal/asset/service.go:468.43,470.4 1 0
gitlab.apk-group.net/siem/backend/asset-discovery/internal/asset/service.go:473.2,474.39 2 1
gitlab.apk-group.net/siem/backend/asset-discovery/internal/asset/service.go:474.39,477.3 2 0
gitlab.apk-group.net/siem/backend/asset-discovery/internal/asset/service.go:479.2,485.21 3 1
gitlab.apk-group.net/siem/backend/asset-discovery/internal/asset/service.go:489.94,490.33 1 1
gitlab.apk-group.net/siem/backend/asset-discovery/internal/asset/service.go:490.33,491.35 1 1
gitlab.apk-group.net/siem/backend/asset-discovery/internal/asset/service.go:491.35,493.4 1 1
gitlab.apk-group.net/siem/backend/asset-discovery/internal/asset/service.go:495.2,495.12 1 1
gitlab.apk-group.net/siem/backend/asset-discovery/internal/asset/service.go:499.96,500.33 1 0
gitlab.apk-group.net/siem/backend/asset-discovery/internal/asset/service.go:500.33,501.36 1 0
gitlab.apk-group.net/siem/backend/asset-discovery/internal/asset/service.go:501.36,503.4 1 0
gitlab.apk-group.net/siem/backend/asset-discovery/internal/asset/service.go:505.2,505.12 1 0
gitlab.apk-group.net/siem/backend/asset-discovery/internal/asset/service.go:509.37,510.14 1 1
gitlab.apk-group.net/siem/backend/asset-discovery/internal/asset/service.go:510.14,512.3 1 0
gitlab.apk-group.net/siem/backend/asset-discovery/internal/asset/service.go:513.2,513.73 1 1
gitlab.apk-group.net/siem/backend/asset-discovery/internal/asset/service.go:517.77,522.16 4 1
gitlab.apk-group.net/siem/backend/asset-discovery/internal/asset/service.go:522.16,525.3 2 1
gitlab.apk-group.net/siem/backend/asset-discovery/internal/asset/service.go:527.2,528.21 2 1
gitlab.apk-group.net/siem/backend/asset-discovery/internal/asset/service.go:534.95,538.16 3 0
gitlab.apk-group.net/siem/backend/asset-discovery/internal/asset/service.go:538.16,541.3 2 0
gitlab.apk-group.net/siem/backend/asset-discovery/internal/asset/service.go:545.2,560.18 3 0
gitlab.apk-group.net/siem/backend/asset-discovery/internal/asset/service.go:564.105,568.16 3 0
gitlab.apk-group.net/siem/backend/asset-discovery/internal/asset/service.go:568.16,571.3 2 0
gitlab.apk-group.net/siem/backend/asset-discovery/internal/asset/service.go:573.2,578.18 3 0
gitlab.apk-group.net/siem/backend/asset-discovery/internal/asset/service.go:582.107,586.16 3 0
gitlab.apk-group.net/siem/backend/asset-discovery/internal/asset/service.go:586.16,589.3 2 0
gitlab.apk-group.net/siem/backend/asset-discovery/internal/asset/service.go:591.2,596.18 3 0
gitlab.apk-group.net/siem/backend/asset-discovery/internal/asset/service.go:600.105,604.16 3 0
gitlab.apk-group.net/siem/backend/asset-discovery/internal/asset/service.go:604.16,607.3 2 0
gitlab.apk-group.net/siem/backend/asset-discovery/internal/asset/service.go:609.2,615.18 3 0
gitlab.apk-group.net/siem/backend/asset-discovery/internal/asset/service.go:618.67,619.16 1 1
gitlab.apk-group.net/siem/backend/asset-discovery/internal/asset/service.go:619.16,622.3 2 1
gitlab.apk-group.net/siem/backend/asset-discovery/internal/asset/service.go:624.2,625.24 2 1
gitlab.apk-group.net/siem/backend/asset-discovery/internal/asset/service.go:625.24,627.3 1 1
gitlab.apk-group.net/siem/backend/asset-discovery/internal/asset/service.go:629.2,629.12 1 1
gitlab.apk-group.net/siem/backend/asset-discovery/api/service/asset.go:29.59,33.2 1 1
gitlab.apk-group.net/siem/backend/asset-discovery/api/service/asset.go:35.113,39.16 3 1
gitlab.apk-group.net/siem/backend/asset-discovery/api/service/asset.go:39.16,42.3 2 1
gitlab.apk-group.net/siem/backend/asset-discovery/api/service/asset.go:44.2,46.16 3 1
gitlab.apk-group.net/siem/backend/asset-discovery/api/service/asset.go:46.16,47.39 1 1
gitlab.apk-group.net/siem/backend/asset-discovery/api/service/asset.go:47.39,50.4 2 1
gitlab.apk-group.net/siem/backend/asset-discovery/api/service/asset.go:51.3,52.18 2 1
gitlab.apk-group.net/siem/backend/asset-discovery/api/service/asset.go:55.2,58.8 2 1
gitlab.apk-group.net/siem/backend/asset-discovery/api/service/asset.go:61.112,85.15 5 1
gitlab.apk-group.net/siem/backend/asset-discovery/api/service/asset.go:85.15,88.3 2 1
gitlab.apk-group.net/siem/backend/asset-discovery/api/service/asset.go:90.2,90.16 1 1
gitlab.apk-group.net/siem/backend/asset-discovery/api/service/asset.go:90.16,93.3 2 1
gitlab.apk-group.net/siem/backend/asset-discovery/api/service/asset.go:96.2,97.37 2 1
gitlab.apk-group.net/siem/backend/asset-discovery/api/service/asset.go:97.37,102.3 1 1
gitlab.apk-group.net/siem/backend/asset-discovery/api/service/asset.go:104.2,111.16 3 1
gitlab.apk-group.net/siem/backend/asset-discovery/api/service/asset.go:111.16,114.3 2 1
gitlab.apk-group.net/siem/backend/asset-discovery/api/service/asset.go:116.2,117.31 2 1
gitlab.apk-group.net/siem/backend/asset-discovery/api/service/asset.go:117.31,119.3 1 1
gitlab.apk-group.net/siem/backend/asset-discovery/api/service/asset.go:121.2,129.8 2 1
gitlab.apk-group.net/siem/backend/asset-discovery/api/service/asset.go:133.118,148.35 6 1
gitlab.apk-group.net/siem/backend/asset-discovery/api/service/asset.go:148.35,160.3 1 1
gitlab.apk-group.net/siem/backend/asset-discovery/api/service/asset.go:163.2,164.39 2 1
gitlab.apk-group.net/siem/backend/asset-discovery/api/service/asset.go:164.39,172.3 1 1
gitlab.apk-group.net/siem/backend/asset-discovery/api/service/asset.go:174.2,193.16 4 1
gitlab.apk-group.net/siem/backend/asset-discovery/api/service/asset.go:193.16,196.3 2 1
gitlab.apk-group.net/siem/backend/asset-discovery/api/service/asset.go:198.2,199.55 2 1
gitlab.apk-group.net/siem/backend/asset-discovery/api/service/asset.go:203.118,207.16 3 1
gitlab.apk-group.net/siem/backend/asset-discovery/api/service/asset.go:207.16,210.3 2 1
gitlab.apk-group.net/siem/backend/asset-discovery/api/service/asset.go:212.2,222.35 4 1
gitlab.apk-group.net/siem/backend/asset-discovery/api/service/asset.go:222.35,235.3 2 1
gitlab.apk-group.net/siem/backend/asset-discovery/api/service/asset.go:238.2,239.39 2 1
gitlab.apk-group.net/siem/backend/asset-discovery/api/service/asset.go:239.39,245.3 1 1
gitlab.apk-group.net/siem/backend/asset-discovery/api/service/asset.go:247.2,266.64 3 1
gitlab.apk-group.net/siem/backend/asset-discovery/api/service/asset.go:266.64,269.3 2 1
gitlab.apk-group.net/siem/backend/asset-discovery/api/service/asset.go:271.2,272.39 2 1
gitlab.apk-group.net/siem/backend/asset-discovery/api/service/asset.go:275.121,284.23 3 1
gitlab.apk-group.net/siem/backend/asset-discovery/api/service/asset.go:284.23,298.3 3 1
gitlab.apk-group.net/siem/backend/asset-discovery/api/service/asset.go:300.2,302.16 3 1
gitlab.apk-group.net/siem/backend/asset-discovery/api/service/asset.go:302.16,305.3 2 1
gitlab.apk-group.net/siem/backend/asset-discovery/api/service/asset.go:307.2,310.8 2 1
gitlab.apk-group.net/siem/backend/asset-discovery/api/service/asset.go:313.103,323.66 3 1
gitlab.apk-group.net/siem/backend/asset-discovery/api/service/asset.go:323.66,326.3 1 1
gitlab.apk-group.net/siem/backend/asset-discovery/api/service/asset.go:326.8,329.40 2 1
gitlab.apk-group.net/siem/backend/asset-discovery/api/service/asset.go:329.40,331.18 2 1
gitlab.apk-group.net/siem/backend/asset-discovery/api/service/asset.go:331.18,334.5 2 1
gitlab.apk-group.net/siem/backend/asset-discovery/api/service/asset.go:335.4,335.46 1 1
gitlab.apk-group.net/siem/backend/asset-discovery/api/service/asset.go:340.2,342.29 2 1
gitlab.apk-group.net/siem/backend/asset-discovery/api/service/asset.go:343.33,345.66 2 1
gitlab.apk-group.net/siem/backend/asset-discovery/api/service/asset.go:346.38,348.78 2 1
gitlab.apk-group.net/siem/backend/asset-discovery/api/service/asset.go:349.10,351.74 2 1
gitlab.apk-group.net/siem/backend/asset-discovery/api/service/asset.go:354.2,356.16 3 1
gitlab.apk-group.net/siem/backend/asset-discovery/api/service/asset.go:356.16,359.3 2 1
gitlab.apk-group.net/siem/backend/asset-discovery/api/service/asset.go:361.2,363.16 3 1
gitlab.apk-group.net/siem/backend/asset-discovery/api/service/asset.go:363.16,366.3 2 1
gitlab.apk-group.net/siem/backend/asset-discovery/api/service/asset.go:368.2,372.21 2 1
gitlab.apk-group.net/siem/backend/asset-discovery/api/service/asset.go:376.139,381.16 4 1
gitlab.apk-group.net/siem/backend/asset-discovery/api/service/asset.go:381.16,384.3 2 1
gitlab.apk-group.net/siem/backend/asset-discovery/api/service/asset.go:386.2,390.8 2 1
gitlab.apk-group.net/siem/backend/asset-discovery/api/service/asset.go:395.151,400.16 4 0
gitlab.apk-group.net/siem/backend/asset-discovery/api/service/asset.go:400.16,403.3 2 0
gitlab.apk-group.net/siem/backend/asset-discovery/api/service/asset.go:406.2,407.40 2 0
gitlab.apk-group.net/siem/backend/asset-discovery/api/service/asset.go:407.40,412.3 1 0
gitlab.apk-group.net/siem/backend/asset-discovery/api/service/asset.go:414.2,420.22 3 0
gitlab.apk-group.net/siem/backend/asset-discovery/api/service/asset.go:423.166,428.16 4 0
gitlab.apk-group.net/siem/backend/asset-discovery/api/service/asset.go:428.16,431.3 2 0
gitlab.apk-group.net/siem/backend/asset-discovery/api/service/asset.go:434.2,435.40 2 0
gitlab.apk-group.net/siem/backend/asset-discovery/api/service/asset.go:435.40,440.3 1 0
gitlab.apk-group.net/siem/backend/asset-discovery/api/service/asset.go:442.2,447.22 3 0
gitlab.apk-group.net/siem/backend/asset-discovery/api/service/asset.go:450.169,455.16 4 0
gitlab.apk-group.net/siem/backend/asset-discovery/api/service/asset.go:455.16,458.3 2 0
gitlab.apk-group.net/siem/backend/asset-discovery/api/service/asset.go:461.2,462.40 2 0
gitlab.apk-group.net/siem/backend/asset-discovery/api/service/asset.go:462.40,468.3 1 0
gitlab.apk-group.net/siem/backend/asset-discovery/api/service/asset.go:470.2,475.22 3 0
gitlab.apk-group.net/siem/backend/asset-discovery/api/service/asset.go:478.166,483.16 4 0
gitlab.apk-group.net/siem/backend/asset-discovery/api/service/asset.go:483.16,486.3 2 0
gitlab.apk-group.net/siem/backend/asset-discovery/api/service/asset.go:489.2,490.40 2 0
gitlab.apk-group.net/siem/backend/asset-discovery/api/service/asset.go:490.40,495.3 1 0
gitlab.apk-group.net/siem/backend/asset-discovery/api/service/asset.go:497.2,503.22 3 0
gitlab.apk-group.net/siem/backend/asset-discovery/api/service/asset.go:506.58,509.35 2 1
gitlab.apk-group.net/siem/backend/asset-discovery/api/service/asset.go:509.35,521.3 1 0
gitlab.apk-group.net/siem/backend/asset-discovery/api/service/asset.go:524.2,525.37 2 1
gitlab.apk-group.net/siem/backend/asset-discovery/api/service/asset.go:525.37,537.3 1 0
gitlab.apk-group.net/siem/backend/asset-discovery/api/service/asset.go:540.2,541.36 2 1
gitlab.apk-group.net/siem/backend/asset-discovery/api/service/asset.go:541.36,547.3 1 0
gitlab.apk-group.net/siem/backend/asset-discovery/api/service/asset.go:550.2,551.26 2 1
gitlab.apk-group.net/siem/backend/asset-discovery/api/service/asset.go:551.26,555.3 1 0
gitlab.apk-group.net/siem/backend/asset-discovery/api/service/asset.go:555.8,559.3 1 1
gitlab.apk-group.net/siem/backend/asset-discovery/api/service/asset.go:561.2,579.3 1 1
gitlab.apk-group.net/siem/backend/asset-discovery/api/service/firewall.go:33.68,37.2 1 0
gitlab.apk-group.net/siem/backend/asset-discovery/api/service/firewall.go:40.130,54.16 4 0
gitlab.apk-group.net/siem/backend/asset-discovery/api/service/firewall.go:54.16,66.3 2 0
gitlab.apk-group.net/siem/backend/asset-discovery/api/service/firewall.go:69.2,71.16 3 0
gitlab.apk-group.net/siem/backend/asset-discovery/api/service/firewall.go:71.16,72.52 1 0
gitlab.apk-group.net/siem/backend/asset-discovery/api/service/firewall.go:72.52,78.4 2 0
gitlab.apk-group.net/siem/backend/asset-discovery/api/service/firewall.go:79.3,79.40 1 0
gitlab.apk-group.net/siem/backend/asset-discovery/api/service/firewall.go:79.40,85.4 2 0
gitlab.apk-group.net/siem/backend/asset-discovery/api/service/firewall.go:86.3,86.45 1 0
gitlab.apk-group.net/siem/backend/asset-discovery/api/service/firewall.go:86.45,92.4 2 0
gitlab.apk-group.net/siem/backend/asset-discovery/api/service/firewall.go:93.3,97.9 2 0
gitlab.apk-group.net/siem/backend/asset-discovery/api/service/firewall.go:100.2,105.8 2 0
gitlab.apk-group.net/siem/backend/asset-discovery/api/service/firewall.go:109.133,113.23 2 0
gitlab.apk-group.net/siem/backend/asset-discovery/api/service/firewall.go:113.23,119.3 2 0
gitlab.apk-group.net/siem/backend/asset-discovery/api/service/firewall.go:122.2,123.16 2 0
gitlab.apk-group.net/siem/backend/asset-discovery/api/service/firewall.go:123.16,129.3 2 0
gitlab.apk-group.net/siem/backend/asset-discovery/api/service/firewall.go:132.2,134.16 3 0
gitlab.apk-group.net/siem/backend/asset-discovery/api/service/firewall.go:134.16,135.42 1 0
gitlab.apk-group.net/siem/backend/asset-discovery/api/service/firewall.go:135.42,141.4 2 0
gitlab.apk-group.net/siem/backend/asset-discovery/api/service/firewall.go:142.3,146.9 2 0
gitlab.apk-group.net/siem/backend/asset-discovery/api/service/firewall.go:150.2,152.16 3 0
gitlab.apk-group.net/siem/backend/asset-discovery/api/service/firewall.go:152.16,158.3 2 0
gitlab.apk-group.net/siem/backend/asset-discovery/api/service/firewall.go:160.2,165.8 2 0
gitlab.apk-group.net/siem/backend/asset-discovery/api/service/firewall.go:169.130,181.23 2 0
gitlab.apk-group.net/siem/backend/asset-discovery/api/service/firewall.go:181.23,187.3 2 0
gitlab.apk-group.net/siem/backend/asset-discovery/api/service/firewall.go:189.2,190.16 2 0
gitlab.apk-group.net/siem/backend/asset-discovery/api/service/firewall.go:190.16,196.3 2 0
gitlab.apk-group.net/siem/backend/asset-discovery/api/service/firewall.go:198.2,210.16 4 0
gitlab.apk-group.net/siem/backend/asset-discovery/api/service/firewall.go:210.16,221.3 2 0
gitlab.apk-group.net/siem/backend/asset-discovery/api/service/firewall.go:223.2,225.16 3 0
gitlab.apk-group.net/siem/backend/asset-discovery/api/service/firewall.go:225.16,226.42 1 0
gitlab.apk-group.net/siem/backend/asset-discovery/api/service/firewall.go:226.42,232.4 2 0
gitlab.apk-group.net/siem/backend/asset-discovery/api/service/firewall.go:233.3,233.52 1 0
gitlab.apk-group.net/siem/backend/asset-discovery/api/service/firewall.go:233.52,239.4 2 0
gitlab.apk-group.net/siem/backend/asset-discovery/api/service/firewall.go:240.3,240.40 1 0
gitlab.apk-group.net/siem/backend/asset-discovery/api/service/firewall.go:240.40,246.4 2 0
gitlab.apk-group.net/siem/backend/asset-discovery/api/service/firewall.go:247.3,247.45 1 0
gitlab.apk-group.net/siem/backend/asset-discovery/api/service/firewall.go:247.45,253.4 2 0
gitlab.apk-group.net/siem/backend/asset-discovery/api/service/firewall.go:254.3,258.9 2 0
gitlab.apk-group.net/siem/backend/asset-discovery/api/service/firewall.go:261.2,265.8 2 0
gitlab.apk-group.net/siem/backend/asset-discovery/api/service/firewall.go:269.130,272.23 2 0
gitlab.apk-group.net/siem/backend/asset-discovery/api/service/firewall.go:272.23,278.3 2 0
gitlab.apk-group.net/siem/backend/asset-discovery/api/service/firewall.go:280.2,281.16 2 0
gitlab.apk-group.net/siem/backend/asset-discovery/api/service/firewall.go:281.16,287.3 2 0
gitlab.apk-group.net/siem/backend/asset-discovery/api/service/firewall.go:289.2,291.16 3 0
gitlab.apk-group.net/siem/backend/asset-discovery/api/service/firewall.go:291.16,292.42 1 0
gitlab.apk-group.net/siem/backend/asset-discovery/api/service/firewall.go:292.42,298.4 2 0
gitlab.apk-group.net/siem/backend/asset-discovery/api/service/firewall.go:299.3,299.45 1 0
gitlab.apk-group.net/siem/backend/asset-discovery/api/service/firewall.go:299.45,305.4 2 0
gitlab.apk-group.net/siem/backend/asset-discovery/api/service/firewall.go:306.3,310.9 2 0
gitlab.apk-group.net/siem/backend/asset-discovery/api/service/firewall.go:313.2,317.8 2 0
gitlab.apk-group.net/siem/backend/asset-discovery/api/service/firewall.go:321.145,326.28 2 0
gitlab.apk-group.net/siem/backend/asset-discovery/api/service/firewall.go:326.28,332.3 2 0
gitlab.apk-group.net/siem/backend/asset-discovery/api/service/firewall.go:334.2,335.37 2 0
gitlab.apk-group.net/siem/backend/asset-discovery/api/service/firewall.go:335.37,336.18 1 0
gitlab.apk-group.net/siem/backend/asset-discovery/api/service/firewall.go:336.18,342.4 2 0
gitlab.apk-group.net/siem/backend/asset-discovery/api/service/firewall.go:344.3,345.17 2 0
gitlab.apk-group.net/siem/backend/asset-discovery/api/service/firewall.go:345.17,351.4 2 0
gitlab.apk-group.net/siem/backend/asset-discovery/api/service/firewall.go:352.3,352.54 1 0
gitlab.apk-group.net/siem/backend/asset-discovery/api/service/firewall.go:355.2,357.16 3 0
gitlab.apk-group.net/siem/backend/asset-discovery/api/service/firewall.go:357.16,358.45 1 0
gitlab.apk-group.net/siem/backend/asset-discovery/api/service/firewall.go:358.45,364.4 2 0
gitlab.apk-group.net/siem/backend/asset-discovery/api/service/firewall.go:365.3,369.9 2 0
gitlab.apk-group.net/siem/backend/asset-discovery/api/service/firewall.go:372.2,376.8 2 0
gitlab.apk-group.net/siem/backend/asset-discovery/api/service/firewall.go:380.142,385.16 4 0
gitlab.apk-group.net/siem/backend/asset-discovery/api/service/firewall.go:385.16,391.3 2 0
gitlab.apk-group.net/siem/backend/asset-discovery/api/service/firewall.go:393.2,397.8 2 0
gitlab.apk-group.net/siem/backend/asset-discovery/api/service/firewall.go:401.108,404.27 2 0
gitlab.apk-group.net/siem/backend/asset-discovery/api/service/firewall.go:404.27,406.3 1 0
gitlab.apk-group.net/siem/backend/asset-discovery/api/service/firewall.go:407.2,407.29 1 0
gitlab.apk-group.net/siem/backend/asset-discovery/api/service/firewall.go:407.29,409.3 1 0
gitlab.apk-group.net/siem/backend/asset-discovery/api/service/firewall.go:412.2,427.39 2 0
gitlab.apk-group.net/siem/backend/asset-discovery/api/service/firewall.go:427.39,429.3 1 0
gitlab.apk-group.net/siem/backend/asset-discovery/api/service/firewall.go:432.2,446.41 2 0
gitlab.apk-group.net/siem/backend/asset-discovery/api/service/firewall.go:446.41,449.3 2 0
gitlab.apk-group.net/siem/backend/asset-discovery/api/service/firewall.go:449.8,451.3 1 0
gitlab.apk-group.net/siem/backend/asset-discovery/api/service/firewall.go:454.2,455.38 2 0
gitlab.apk-group.net/siem/backend/asset-discovery/api/service/firewall.go:455.38,459.46 3 0
gitlab.apk-group.net/siem/backend/asset-discovery/api/service/firewall.go:459.46,464.4 1 0
gitlab.apk-group.net/siem/backend/asset-discovery/api/service/firewall.go:466.3,477.5 1 0
gitlab.apk-group.net/siem/backend/asset-discovery/api/service/firewall.go:481.2,482.44 2 0
gitlab.apk-group.net/siem/backend/asset-discovery/api/service/firewall.go:482.44,486.49 3 0
gitlab.apk-group.net/siem/backend/asset-discovery/api/service/firewall.go:486.49,493.17 3 0
gitlab.apk-group.net/siem/backend/asset-discovery/api/service/firewall.go:493.17,495.5 1 0
gitlab.apk-group.net/siem/backend/asset-discovery/api/service/firewall.go:496.4,496.52 1 0
gitlab.apk-group.net/siem/backend/asset-discovery/api/service/firewall.go:499.3,514.36 2 0
gitlab.apk-group.net/siem/backend/asset-discovery/api/service/firewall.go:514.36,517.4 2 0
gitlab.apk-group.net/siem/backend/asset-discovery/api/service/firewall.go:519.3,519.24 1 0
gitlab.apk-group.net/siem/backend/asset-discovery/api/service/firewall.go:519.24,522.4 2 0
gitlab.apk-group.net/siem/backend/asset-discovery/api/service/firewall.go:524.3,524.28 1 0
gitlab.apk-group.net/siem/backend/asset-discovery/api/service/firewall.go:524.28,527.4 2 0
gitlab.apk-group.net/siem/backend/asset-discovery/api/service/firewall.go:529.3,529.53 1 0
gitlab.apk-group.net/siem/backend/asset-discovery/api/service/firewall.go:533.2,534.38 2 0
gitlab.apk-group.net/siem/backend/asset-discovery/api/service/firewall.go:534.38,546.3 2 0
gitlab.apk-group.net/siem/backend/asset-discovery/api/service/firewall.go:549.2,550.43 2 0
gitlab.apk-group.net/siem/backend/asset-discovery/api/service/firewall.go:550.43,568.27 3 0
gitlab.apk-group.net/siem/backend/asset-discovery/api/service/firewall.go:568.27,571.4 2 0
gitlab.apk-group.net/siem/backend/asset-discovery/api/service/firewall.go:573.3,573.28 1 0
gitlab.apk-group.net/siem/backend/asset-discovery/api/service/firewall.go:573.28,576.4 2 0
gitlab.apk-group.net/siem/backend/asset-discovery/api/service/firewall.go:578.3,578.46 1 0
gitlab.apk-group.net/siem/backend/asset-discovery/api/service/firewall.go:581.2,602.8 3 0
gitlab.apk-group.net/siem/backend/asset-discovery/api/service/firewall.go:606.103,625.43 3 0
gitlab.apk-group.net/siem/backend/asset-discovery/api/service/firewall.go:625.43,627.3 1 0
gitlab.apk-group.net/siem/backend/asset-discovery/api/service/firewall.go:630.2,631.41 2 0
gitlab.apk-group.net/siem/backend/asset-discovery/api/service/firewall.go:631.41,633.3 1 0
gitlab.apk-group.net/siem/backend/asset-discovery/api/service/firewall.go:635.2,653.41 3 0
gitlab.apk-group.net/siem/backend/asset-discovery/api/service/firewall.go:653.41,657.41 3 0
gitlab.apk-group.net/siem/backend/asset-discovery/api/service/firewall.go:657.41,662.4 1 0
gitlab.apk-group.net/siem/backend/asset-discovery/api/service/firewall.go:664.3,675.5 1 0
gitlab.apk-group.net/siem/backend/asset-discovery/api/service/firewall.go:679.2,680.47 2 0
gitlab.apk-group.net/siem/backend/asset-discovery/api/service/firewall.go:680.47,684.44 3 0
gitlab.apk-group.net/siem/backend/asset-discovery/api/service/firewall.go:684.44,690.31 2 0
gitlab.apk-group.net/siem/backend/asset-discovery/api/service/firewall.go:690.31,693.5 2 0
gitlab.apk-group.net/siem/backend/asset-discovery/api/service/firewall.go:694.4,694.52 1 0
gitlab.apk-group.net/siem/backend/asset-discovery/api/service/firewall.go:697.3,712.37 2 0
gitlab.apk-group.net/siem/backend/asset-discovery/api/service/firewall.go:712.37,714.4 1 0
gitlab.apk-group.net/siem/backend/asset-discovery/api/service/firewall.go:716.3,716.26 1 0
gitlab.apk-group.net/siem/backend/asset-discovery/api/service/firewall.go:716.26,719.4 2 0
gitlab.apk-group.net/siem/backend/asset-discovery/api/service/firewall.go:721.3,721.30 1 0
gitlab.apk-group.net/siem/backend/asset-discovery/api/service/firewall.go:721.30,724.4 2 0
gitlab.apk-group.net/siem/backend/asset-discovery/api/service/firewall.go:726.3,726.53 1 0
gitlab.apk-group.net/siem/backend/asset-discovery/api/service/firewall.go:730.2,731.41 2 0
gitlab.apk-group.net/siem/backend/asset-discovery/api/service/firewall.go:731.41,743.3 2 0
gitlab.apk-group.net/siem/backend/asset-discovery/api/service/firewall.go:746.2,747.46 2 0
gitlab.apk-group.net/siem/backend/asset-discovery/api/service/firewall.go:747.46,765.29 3 0
gitlab.apk-group.net/siem/backend/asset-discovery/api/service/firewall.go:765.29,768.4 2 0
gitlab.apk-group.net/siem/backend/asset-discovery/api/service/firewall.go:770.3,770.30 1 0
gitlab.apk-group.net/siem/backend/asset-discovery/api/service/firewall.go:770.30,773.4 2 0
gitlab.apk-group.net/siem/backend/asset-discovery/api/service/firewall.go:775.3,775.46 1 0
gitlab.apk-group.net/siem/backend/asset-discovery/api/service/firewall.go:778.2,787.8 2 0
gitlab.apk-group.net/siem/backend/asset-discovery/api/service/scanjob.go:27.65,29.2 1 0
gitlab.apk-group.net/siem/backend/asset-discovery/api/service/scanjob.go:32.108,40.54 2 0
gitlab.apk-group.net/siem/backend/asset-discovery/api/service/scanjob.go:40.54,41.56 1 0
gitlab.apk-group.net/siem/backend/asset-discovery/api/service/scanjob.go:41.56,43.4 1 0
gitlab.apk-group.net/siem/backend/asset-discovery/api/service/scanjob.go:46.2,46.58 1 0
gitlab.apk-group.net/siem/backend/asset-discovery/api/service/scanjob.go:46.58,47.59 1 0
gitlab.apk-group.net/siem/backend/asset-discovery/api/service/scanjob.go:47.59,49.4 1 0
gitlab.apk-group.net/siem/backend/asset-discovery/api/service/scanjob.go:53.2,58.36 4 0
gitlab.apk-group.net/siem/backend/asset-discovery/api/service/scanjob.go:58.36,60.3 1 0
gitlab.apk-group.net/siem/backend/asset-discovery/api/service/scanjob.go:62.2,63.16 2 0
gitlab.apk-group.net/siem/backend/asset-discovery/api/service/scanjob.go:63.16,65.3 1 0
gitlab.apk-group.net/siem/backend/asset-discovery/api/service/scanjob.go:68.2,69.27 2 0
gitlab.apk-group.net/siem/backend/asset-discovery/api/service/scanjob.go:69.27,79.25 2 0
gitlab.apk-group.net/siem/backend/asset-discovery/api/service/scanjob.go:79.25,81.4 1 0
gitlab.apk-group.net/siem/backend/asset-discovery/api/service/scanjob.go:82.3,82.26 1 0
gitlab.apk-group.net/siem/backend/asset-discovery/api/service/scanjob.go:82.26,84.4 1 0
gitlab.apk-group.net/siem/backend/asset-discovery/api/service/scanjob.go:86.3,86.33 1 0
gitlab.apk-group.net/siem/backend/asset-discovery/api/service/scanjob.go:89.2,89.72 1 0
gitlab.apk-group.net/siem/backend/asset-discovery/api/service/scanjob.go:93.117,98.16 3 0
gitlab.apk-group.net/siem/backend/asset-discovery/api/service/scanjob.go:98.16,100.3 1 0
gitlab.apk-group.net/siem/backend/asset-discovery/api/service/scanjob.go:102.2,102.16 1 0
gitlab.apk-group.net/siem/backend/asset-discovery/api/service/scanjob.go:102.16,104.3 1 0
gitlab.apk-group.net/siem/backend/asset-discovery/api/service/scanjob.go:106.2,108.16 3 0
gitlab.apk-group.net/siem/backend/asset-discovery/api/service/scanjob.go:108.16,111.3 2 0
gitlab.apk-group.net/siem/backend/asset-discovery/api/service/scanjob.go:114.2,122.24 2 0
gitlab.apk-group.net/siem/backend/asset-discovery/api/service/scanjob.go:122.24,124.3 1 0
gitlab.apk-group.net/siem/backend/asset-discovery/api/service/scanjob.go:126.2,126.25 1 0
gitlab.apk-group.net/siem/backend/asset-discovery/api/service/scanjob.go:126.25,128.3 1 0
gitlab.apk-group.net/siem/backend/asset-discovery/api/service/scanjob.go:130.2,133.20 2 0
gitlab.apk-group.net/siem/backend/asset-discovery/api/service/scanjob.go:133.20,149.3 6 0
gitlab.apk-group.net/siem/backend/asset-discovery/api/service/scanjob.go:149.8,155.3 5 0
gitlab.apk-group.net/siem/backend/asset-discovery/api/service/scanjob.go:157.2,160.39 2 0
gitlab.apk-group.net/siem/backend/asset-discovery/api/service/scanjob.go:160.39,164.3 3 0
gitlab.apk-group.net/siem/backend/asset-discovery/api/service/scanjob.go:166.2,166.18 1 0
gitlab.apk-group.net/siem/backend/asset-discovery/api/service/scanjob.go:170.111,174.19 2 0
gitlab.apk-group.net/siem/backend/asset-discovery/api/service/scanjob.go:174.19,176.3 1 0
gitlab.apk-group.net/siem/backend/asset-discovery/api/service/scanjob.go:179.2,180.50 2 0
gitlab.apk-group.net/siem/backend/asset-discovery/api/service/scanjob.go:180.50,182.3 1 0
gitlab.apk-group.net/siem/backend/asset-discovery/api/service/scanjob.go:185.2,189.16 3 0
gitlab.apk-group.net/siem/backend/asset-discovery/api/service/scanjob.go:189.16,191.3 1 0
gitlab.apk-group.net/siem/backend/asset-discovery/api/service/scanjob.go:192.2,192.14 1 0
gitlab.apk-group.net/siem/backend/asset-discovery/api/service/scanjob.go:192.14,194.3 1 0
gitlab.apk-group.net/siem/backend/asset-discovery/api/service/scanjob.go:197.2,204.16 4 0
gitlab.apk-group.net/siem/backend/asset-discovery/api/service/scanjob.go:204.16,206.22 1 0
gitlab.apk-group.net/siem/backend/asset-discovery/api/service/scanjob.go:207.65,208.33 1 0
gitlab.apk-group.net/siem/backend/asset-discovery/api/service/scanjob.go:209.59,210.34 1 0
gitlab.apk-group.net/siem/backend/asset-discovery/api/service/scanjob.go:211.45,212.64 1 0
gitlab.apk-group.net/siem/backend/asset-discovery/api/service/scanjob.go:213.11,214.19 1 0
gitlab.apk-group.net/siem/backend/asset-discovery/api/service/scanjob.go:218.2,218.74 1 0
gitlab.apk-group.net/siem/backend/asset-discovery/api/service/scanjob.go:218.74,220.36 2 0
gitlab.apk-group.net/siem/backend/asset-discovery/api/service/scanjob.go:220.36,232.4 1 0
gitlab.apk-group.net/siem/backend/asset-discovery/api/service/scanjob.go:234.3,235.38 2 0
gitlab.apk-group.net/siem/backend/asset-discovery/api/service/scanjob.go:235.38,247.4 1 0
gitlab.apk-group.net/siem/backend/asset-discovery/api/service/scanjob.go:249.3,250.37 2 0
gitlab.apk-group.net/siem/backend/asset-discovery/api/service/scanjob.go:250.37,256.4 1 0
gitlab.apk-group.net/siem/backend/asset-discovery/api/service/scanjob.go:258.3,273.4 1 0
gitlab.apk-group.net/siem/backend/asset-discovery/api/service/scanjob.go:276.2,277.31 2 0
gitlab.apk-group.net/siem/backend/asset-discovery/api/service/scanjob.go:277.31,279.3 1 0
gitlab.apk-group.net/siem/backend/asset-discovery/api/service/scanjob.go:281.2,284.8 1 0
gitlab.apk-group.net/siem/backend/asset-discovery/api/service/scanjob.go:288.107,292.19 2 0
gitlab.apk-group.net/siem/backend/asset-discovery/api/service/scanjob.go:292.19,294.3 1 0
gitlab.apk-group.net/siem/backend/asset-discovery/api/service/scanjob.go:296.2,297.16 2 0
gitlab.apk-group.net/siem/backend/asset-discovery/api/service/scanjob.go:297.16,299.3 1 0
gitlab.apk-group.net/siem/backend/asset-discovery/api/service/scanjob.go:302.2,306.16 3 0
gitlab.apk-group.net/siem/backend/asset-discovery/api/service/scanjob.go:306.16,308.3 1 0
gitlab.apk-group.net/siem/backend/asset-discovery/api/service/scanjob.go:310.2,310.21 1 0
gitlab.apk-group.net/siem/backend/asset-discovery/api/service/scanner.go:35.65,39.2 1 0
gitlab.apk-group.net/siem/backend/asset-discovery/api/service/scanner.go:42.82,46.2 2 0
gitlab.apk-group.net/siem/backend/asset-discovery/api/service/scanner.go:49.126,74.33 3 0
gitlab.apk-group.net/siem/backend/asset-discovery/api/service/scanner.go:74.33,75.33 1 0
gitlab.apk-group.net/siem/backend/asset-discovery/api/service/scanner.go:75.33,77.37 1 0
gitlab.apk-group.net/siem/backend/asset-discovery/api/service/scanner.go:77.37,82.5 1 0
gitlab.apk-group.net/siem/backend/asset-discovery/api/service/scanner.go:83.4,84.52 2 0
gitlab.apk-group.net/siem/backend/asset-discovery/api/service/scanner.go:86.9,86.97 1 0
gitlab.apk-group.net/siem/backend/asset-discovery/api/service/scanner.go:86.97,89.18 2 0
gitlab.apk-group.net/siem/backend/asset-discovery/api/service/scanner.go:89.18,94.5 1 0
gitlab.apk-group.net/siem/backend/asset-discovery/api/service/scanner.go:95.4,96.38 2 0
gitlab.apk-group.net/siem/backend/asset-discovery/api/service/scanner.go:97.9,101.4 1 0
gitlab.apk-group.net/siem/backend/asset-discovery/api/service/scanner.go:106.2,106.30 1 0
gitlab.apk-group.net/siem/backend/asset-discovery/api/service/scanner.go:106.30,119.69 2 0
gitlab.apk-group.net/siem/backend/asset-discovery/api/service/scanner.go:119.69,121.18 2 0
gitlab.apk-group.net/siem/backend/asset-discovery/api/service/scanner.go:121.18,126.5 1 0
gitlab.apk-group.net/siem/backend/asset-discovery/api/service/scanner.go:127.4,130.68 2 0
gitlab.apk-group.net/siem/backend/asset-discovery/api/service/scanner.go:130.68,132.28 2 0
gitlab.apk-group.net/siem/backend/asset-discovery/api/service/scanner.go:132.28,138.6 1 0
gitlab.apk-group.net/siem/backend/asset-discovery/api/service/scanner.go:142.3,142.30 1 0
gitlab.apk-group.net/siem/backend/asset-discovery/api/service/scanner.go:146.2,147.16 2 0
gitlab.apk-group.net/siem/backend/asset-discovery/api/service/scanner.go:147.16,152.3 1 0
gitlab.apk-group.net/siem/backend/asset-discovery/api/service/scanner.go:155.2,156.16 2 0
gitlab.apk-group.net/siem/backend/asset-discovery/api/service/scanner.go:156.16,167.3 1 0
gitlab.apk-group.net/siem/backend/asset-discovery/api/service/scanner.go:170.2,173.8 1 0
gitlab.apk-group.net/siem/backend/asset-discovery/api/service/scanner.go:176.117,178.16 2 0
gitlab.apk-group.net/siem/backend/asset-discovery/api/service/scanner.go:178.16,183.3 1 0
gitlab.apk-group.net/siem/backend/asset-discovery/api/service/scanner.go:186.2,187.16 2 0
gitlab.apk-group.net/siem/backend/asset-discovery/api/service/scanner.go:187.16,192.3 1 0
gitlab.apk-group.net/siem/backend/asset-discovery/api/service/scanner.go:195.2,200.8 2 0
gitlab.apk-group.net/siem/backend/asset-discovery/api/service/scanner.go:203.126,208.16 3 0
gitlab.apk-group.net/siem/backend/asset-discovery/api/service/scanner.go:208.16,213.3 1 0
gitlab.apk-group.net/siem/backend/asset-discovery/api/service/scanner.go:216.2,238.33 2 0
gitlab.apk-group.net/siem/backend/asset-discovery/api/service/scanner.go:238.33,239.33 1 0
gitlab.apk-group.net/siem/backend/asset-discovery/api/service/scanner.go:239.33,241.37 1 0
gitlab.apk-group.net/siem/backend/asset-discovery/api/service/scanner.go:241.37,246.5 1 0
gitlab.apk-group.net/siem/backend/asset-discovery/api/service/scanner.go:247.4,248.52 2 0
gitlab.apk-group.net/siem/backend/asset-discovery/api/service/scanner.go:250.9,250.97 1 0
gitlab.apk-group.net/siem/backend/asset-discovery/api/service/scanner.go:250.97,253.18 2 0
gitlab.apk-group.net/siem/backend/asset-discovery/api/service/scanner.go:253.18,258.5 1 0
gitlab.apk-group.net/siem/backend/asset-discovery/api/service/scanner.go:259.4,262.31 3 0
gitlab.apk-group.net/siem/backend/asset-discovery/api/service/scanner.go:263.9,263.39 1 0
gitlab.apk-group.net/siem/backend/asset-discovery/api/service/scanner.go:263.40,266.4 0 0
gitlab.apk-group.net/siem/backend/asset-discovery/api/service/scanner.go:270.2,270.29 1 0
gitlab.apk-group.net/siem/backend/asset-discovery/api/service/scanner.go:270.29,284.29 2 0
gitlab.apk-group.net/siem/backend/asset-discovery/api/service/scanner.go:284.29,286.18 2 0
gitlab.apk-group.net/siem/backend/asset-discovery/api/service/scanner.go:286.18,291.5 1 0
gitlab.apk-group.net/siem/backend/asset-discovery/api/service/scanner.go:292.4,295.60 2 0
gitlab.apk-group.net/siem/backend/asset-discovery/api/service/scanner.go:295.60,297.28 2 0
gitlab.apk-group.net/siem/backend/asset-discovery/api/service/scanner.go:297.28,303.6 1 0
gitlab.apk-group.net/siem/backend/asset-discovery/api/service/scanner.go:307.3,307.30 1 0
gitlab.apk-group.net/siem/backend/asset-discovery/api/service/scanner.go:311.2,311.62 1 0
gitlab.apk-group.net/siem/backend/asset-discovery/api/service/scanner.go:311.62,316.3 1 0
gitlab.apk-group.net/siem/backend/asset-discovery/api/service/scanner.go:319.2,320.16 2 0
gitlab.apk-group.net/siem/backend/asset-discovery/api/service/scanner.go:320.16,331.3 1 0
gitlab.apk-group.net/siem/backend/asset-discovery/api/service/scanner.go:334.2,337.8 1 0
gitlab.apk-group.net/siem/backend/asset-discovery/api/service/scanner.go:340.126,342.16 2 0
gitlab.apk-group.net/siem/backend/asset-discovery/api/service/scanner.go:342.16,347.3 1 0
gitlab.apk-group.net/siem/backend/asset-discovery/api/service/scanner.go:349.2,349.57 1 0
gitlab.apk-group.net/siem/backend/asset-discovery/api/service/scanner.go:349.57,354.3 1 0
gitlab.apk-group.net/siem/backend/asset-discovery/api/service/scanner.go:356.2,358.8 1 0
gitlab.apk-group.net/siem/backend/asset-discovery/api/service/scanner.go:361.129,364.23 2 0
gitlab.apk-group.net/siem/backend/asset-discovery/api/service/scanner.go:364.23,368.22 3 0
gitlab.apk-group.net/siem/backend/asset-discovery/api/service/scanner.go:368.22,370.4 1 0
gitlab.apk-group.net/siem/backend/asset-discovery/api/service/scanner.go:372.3,377.22 2 0
gitlab.apk-group.net/siem/backend/asset-discovery/api/service/scanner.go:377.22,379.4 1 0
gitlab.apk-group.net/siem/backend/asset-discovery/api/service/scanner.go:381.3,381.14 1 0
gitlab.apk-group.net/siem/backend/asset-discovery/api/service/scanner.go:384.2,385.16 2 0
gitlab.apk-group.net/siem/backend/asset-discovery/api/service/scanner.go:385.16,391.3 1 0
gitlab.apk-group.net/siem/backend/asset-discovery/api/service/scanner.go:393.2,396.8 1 0
gitlab.apk-group.net/siem/backend/asset-discovery/api/service/scanner.go:406.42,414.30 2 0
gitlab.apk-group.net/siem/backend/asset-discovery/api/service/scanner.go:414.30,418.3 3 0
gitlab.apk-group.net/siem/backend/asset-discovery/api/service/scanner.go:418.8,421.3 1 0
gitlab.apk-group.net/siem/backend/asset-discovery/api/service/scanner.go:424.2,433.16 3 0
gitlab.apk-group.net/siem/backend/asset-discovery/api/service/scanner.go:433.16,435.3 1 0
gitlab.apk-group.net/siem/backend/asset-discovery/api/service/scanner.go:438.2,440.35 2 0
gitlab.apk-group.net/siem/backend/asset-discovery/api/service/scanner.go:440.35,449.3 4 0
gitlab.apk-group.net/siem/backend/asset-discovery/api/service/scanner.go:451.2,455.20 1 0
gitlab.apk-group.net/siem/backend/asset-discovery/api/service/scanner.go:458.144,463.37 3 0
gitlab.apk-group.net/siem/backend/asset-discovery/api/service/scanner.go:463.37,465.39 1 0
gitlab.apk-group.net/siem/backend/asset-discovery/api/service/scanner.go:465.39,468.9 3 0
gitlab.apk-group.net/siem/backend/asset-discovery/api/service/scanner.go:471.3,472.17 2 0
gitlab.apk-group.net/siem/backend/asset-discovery/api/service/scanner.go:472.17,473.12 1 0
gitlab.apk-group.net/siem/backend/asset-discovery/api/service/scanner.go:475.3,475.24 1 0
gitlab.apk-group.net/siem/backend/asset-discovery/api/service/scanner.go:479.2,480.28 2 0
gitlab.apk-group.net/siem/backend/asset-discovery/api/service/scanner.go:480.28,485.44 3 0
gitlab.apk-group.net/siem/backend/asset-discovery/api/service/scanner.go:485.44,487.4 1 0
gitlab.apk-group.net/siem/backend/asset-discovery/api/service/scanner.go:487.9,487.49 1 0
gitlab.apk-group.net/siem/backend/asset-discovery/api/service/scanner.go:487.49,489.4 1 0
gitlab.apk-group.net/siem/backend/asset-discovery/api/service/scanner.go:489.9,489.52 1 0
gitlab.apk-group.net/siem/backend/asset-discovery/api/service/scanner.go:489.52,491.4 1 0
gitlab.apk-group.net/siem/backend/asset-discovery/api/service/scanner.go:492.3,492.29 1 0
gitlab.apk-group.net/siem/backend/asset-discovery/api/service/scanner.go:496.2,505.16 2 0
gitlab.apk-group.net/siem/backend/asset-discovery/api/service/scanner.go:505.16,510.3 1 0
gitlab.apk-group.net/siem/backend/asset-discovery/api/service/scanner.go:512.2,515.8 1 0
gitlab.apk-group.net/siem/backend/asset-discovery/api/service/scanner.go:519.126,521.31 1 0
gitlab.apk-group.net/siem/backend/asset-discovery/api/service/scanner.go:521.31,526.3 1 0
gitlab.apk-group.net/siem/backend/asset-discovery/api/service/scanner.go:529.2,530.16 2 0
gitlab.apk-group.net/siem/backend/asset-discovery/api/service/scanner.go:530.16,535.3 1 0
gitlab.apk-group.net/siem/backend/asset-discovery/api/service/scanner.go:538.2,539.16 2 0
gitlab.apk-group.net/siem/backend/asset-discovery/api/service/scanner.go:539.16,544.3 1 0
gitlab.apk-group.net/siem/backend/asset-discovery/api/service/scanner.go:546.2,548.8 1 0
gitlab.apk-group.net/siem/backend/asset-discovery/api/service/scanner.go:552.117,557.16 3 0
gitlab.apk-group.net/siem/backend/asset-discovery/api/service/scanner.go:557.16,563.3 2 0
gitlab.apk-group.net/siem/backend/asset-discovery/api/service/scanner.go:566.2,567.16 2 0
gitlab.apk-group.net/siem/backend/asset-discovery/api/service/scanner.go:567.16,573.3 2 0
gitlab.apk-group.net/siem/backend/asset-discovery/api/service/scanner.go:575.2,575.20 1 0
gitlab.apk-group.net/siem/backend/asset-discovery/api/service/scanner.go:575.20,581.3 2 0
gitlab.apk-group.net/siem/backend/asset-discovery/api/service/scanner.go:584.2,587.31 2 0
gitlab.apk-group.net/siem/backend/asset-discovery/api/service/scanner.go:587.31,593.3 2 0
gitlab.apk-group.net/siem/backend/asset-discovery/api/service/scanner.go:596.2,599.9 2 0
gitlab.apk-group.net/siem/backend/asset-discovery/api/service/scanner.go:599.9,613.26 4 0
gitlab.apk-group.net/siem/backend/asset-discovery/api/service/scanner.go:613.26,619.4 2 0
gitlab.apk-group.net/siem/backend/asset-discovery/api/service/scanner.go:620.8,626.3 2 0
gitlab.apk-group.net/siem/backend/asset-discovery/api/service/scanner.go:629.2,629.12 1 0
gitlab.apk-group.net/siem/backend/asset-discovery/api/service/scanner.go:629.12,636.10 2 0
gitlab.apk-group.net/siem/backend/asset-discovery/api/service/scanner.go:636.10,638.18 2 0
gitlab.apk-group.net/siem/backend/asset-discovery/api/service/scanner.go:638.18,640.5 1 0
gitlab.apk-group.net/siem/backend/asset-discovery/api/service/scanner.go:644.3,649.10 2 0
gitlab.apk-group.net/siem/backend/asset-discovery/api/service/scanner.go:649.10,650.22 1 0
gitlab.apk-group.net/siem/backend/asset-discovery/api/service/scanner.go:650.22,653.19 3 0
gitlab.apk-group.net/siem/backend/asset-discovery/api/service/scanner.go:653.19,655.6 1 0
gitlab.apk-group.net/siem/backend/asset-discovery/api/service/scanner.go:656.10,658.19 2 0
gitlab.apk-group.net/siem/backend/asset-discovery/api/service/scanner.go:658.19,660.6 1 0
gitlab.apk-group.net/siem/backend/asset-discovery/api/service/scanner.go:664.3,664.109 1 0
gitlab.apk-group.net/siem/backend/asset-discovery/api/service/scanner.go:667.2,670.8 1 0
gitlab.apk-group.net/siem/backend/asset-discovery/api/service/scanner.go:674.60,684.2 1 0
gitlab.apk-group.net/siem/backend/asset-discovery/api/service/scanner.go:686.57,695.90 2 0
gitlab.apk-group.net/siem/backend/asset-discovery/api/service/scanner.go:695.90,697.3 1 0
gitlab.apk-group.net/siem/backend/asset-discovery/api/service/scanner.go:700.2,700.37 1 0
gitlab.apk-group.net/siem/backend/asset-discovery/api/service/scanner.go:700.37,701.65 1 0
gitlab.apk-group.net/siem/backend/asset-discovery/api/service/scanner.go:701.65,703.4 1 0
gitlab.apk-group.net/siem/backend/asset-discovery/api/service/scanner.go:706.2,706.79 1 0
gitlab.apk-group.net/siem/backend/asset-discovery/api/service/scanner.go:710.66,711.20 1 0
gitlab.apk-group.net/siem/backend/asset-discovery/api/service/scanner.go:711.20,713.3 1 0
gitlab.apk-group.net/siem/backend/asset-discovery/api/service/scanner.go:715.2,738.34 2 0
gitlab.apk-group.net/siem/backend/asset-discovery/api/service/scanner.go:738.34,740.3 1 0
gitlab.apk-group.net/siem/backend/asset-discovery/api/service/scanner.go:742.2,742.32 1 0
gitlab.apk-group.net/siem/backend/asset-discovery/api/service/scanner.go:742.32,752.45 2 0
gitlab.apk-group.net/siem/backend/asset-discovery/api/service/scanner.go:752.45,754.4 1 0
gitlab.apk-group.net/siem/backend/asset-discovery/api/service/scanner.go:756.3,756.43 1 0
gitlab.apk-group.net/siem/backend/asset-discovery/api/service/scanner.go:756.43,758.4 1 0
gitlab.apk-group.net/siem/backend/asset-discovery/api/service/scanner.go:760.3,760.43 1 0
gitlab.apk-group.net/siem/backend/asset-discovery/api/service/scanner.go:760.43,762.4 1 0
gitlab.apk-group.net/siem/backend/asset-discovery/api/service/scanner.go:768.2,768.29 1 0
gitlab.apk-group.net/siem/backend/asset-discovery/api/service/scanner.go:768.29,781.41 2 0
gitlab.apk-group.net/siem/backend/asset-discovery/api/service/scanner.go:781.41,783.4 1 0
gitlab.apk-group.net/siem/backend/asset-discovery/api/service/scanner.go:786.2,786.18 1 0
gitlab.apk-group.net/siem/backend/asset-discovery/api/service/scanner.go:790.132,794.16 3 0
gitlab.apk-group.net/siem/backend/asset-discovery/api/service/scanner.go:794.16,799.3 1 0
gitlab.apk-group.net/siem/backend/asset-discovery/api/service/scanner.go:802.2,803.35 2 0
gitlab.apk-group.net/siem/backend/asset-discovery/api/service/scanner.go:803.35,813.33 2 0
gitlab.apk-group.net/siem/backend/asset-discovery/api/service/scanner.go:813.33,815.4 1 0
gitlab.apk-group.net/siem/backend/asset-discovery/api/service/scanner.go:817.3,817.31 1 0
gitlab.apk-group.net/siem/backend/asset-discovery/api/service/scanner.go:817.31,819.4 1 0
gitlab.apk-group.net/siem/backend/asset-discovery/api/service/scanner.go:821.3,821.31 1 0
gitlab.apk-group.net/siem/backend/asset-discovery/api/service/scanner.go:821.31,823.4 1 0
gitlab.apk-group.net/siem/backend/asset-discovery/api/service/scanner.go:827.3,827.45 1 0
gitlab.apk-group.net/siem/backend/asset-discovery/api/service/scanner.go:830.2,833.8 1 0
gitlab.apk-group.net/siem/backend/asset-discovery/api/service/scanner.go:837.129,844.16 4 0
gitlab.apk-group.net/siem/backend/asset-discovery/api/service/scanner.go:844.16,849.3 1 0
gitlab.apk-group.net/siem/backend/asset-discovery/api/service/scanner.go:851.2,851.20 1 0
gitlab.apk-group.net/siem/backend/asset-discovery/api/service/scanner.go:851.20,856.3 1 0
gitlab.apk-group.net/siem/backend/asset-discovery/api/service/scanner.go:859.2,868.32 2 0
gitlab.apk-group.net/siem/backend/asset-discovery/api/service/scanner.go:868.32,870.3 1 0
gitlab.apk-group.net/siem/backend/asset-discovery/api/service/scanner.go:872.2,872.30 1 0
gitlab.apk-group.net/siem/backend/asset-discovery/api/service/scanner.go:872.30,874.3 1 0
gitlab.apk-group.net/siem/backend/asset-discovery/api/service/scanner.go:876.2,876.30 1 0
gitlab.apk-group.net/siem/backend/asset-discovery/api/service/scanner.go:876.30,878.3 1 0
gitlab.apk-group.net/siem/backend/asset-discovery/api/service/scanner.go:882.2,885.8 1 0
gitlab.apk-group.net/siem/backend/asset-discovery/api/service/user.go:33.103,40.2 1 0
gitlab.apk-group.net/siem/backend/asset-discovery/api/service/user.go:42.110,44.16 2 0
gitlab.apk-group.net/siem/backend/asset-discovery/api/service/user.go:44.16,46.3 1 0
gitlab.apk-group.net/siem/backend/asset-discovery/api/service/user.go:47.2,54.16 2 0
gitlab.apk-group.net/siem/backend/asset-discovery/api/service/user.go:54.16,56.3 1 0
gitlab.apk-group.net/siem/backend/asset-discovery/api/service/user.go:58.2,64.16 2 0
gitlab.apk-group.net/siem/backend/asset-discovery/api/service/user.go:64.16,66.3 1 0
gitlab.apk-group.net/siem/backend/asset-discovery/api/service/user.go:68.2,74.16 2 0
gitlab.apk-group.net/siem/backend/asset-discovery/api/service/user.go:74.16,76.3 1 0
gitlab.apk-group.net/siem/backend/asset-discovery/api/service/user.go:77.2,80.8 1 0
gitlab.apk-group.net/siem/backend/asset-discovery/api/service/user.go:83.110,88.16 2 0
gitlab.apk-group.net/siem/backend/asset-discovery/api/service/user.go:88.16,90.3 1 0
gitlab.apk-group.net/siem/backend/asset-discovery/api/service/user.go:92.2,92.17 1 0
gitlab.apk-group.net/siem/backend/asset-discovery/api/service/user.go:92.17,94.3 1 0
gitlab.apk-group.net/siem/backend/asset-discovery/api/service/user.go:96.2,96.63 1 0
gitlab.apk-group.net/siem/backend/asset-discovery/api/service/user.go:96.63,98.3 1 0
gitlab.apk-group.net/siem/backend/asset-discovery/api/service/user.go:99.2,100.16 2 0
gitlab.apk-group.net/siem/backend/asset-discovery/api/service/user.go:100.16,102.3 1 0
gitlab.apk-group.net/siem/backend/asset-discovery/api/service/user.go:103.2,110.16 2 0
gitlab.apk-group.net/siem/backend/asset-discovery/api/service/user.go:110.16,112.3 1 0
gitlab.apk-group.net/siem/backend/asset-discovery/api/service/user.go:114.2,117.8 1 0
gitlab.apk-group.net/siem/backend/asset-discovery/api/service/user.go:121.86,123.16 2 0
gitlab.apk-group.net/siem/backend/asset-discovery/api/service/user.go:123.16,125.3 1 0
gitlab.apk-group.net/siem/backend/asset-discovery/api/service/user.go:126.2,126.12 1 0
gitlab.apk-group.net/siem/backend/asset-discovery/api/service/user.go:128.94,135.16 2 0
gitlab.apk-group.net/siem/backend/asset-discovery/api/service/user.go:135.16,137.3 1 0
gitlab.apk-group.net/siem/backend/asset-discovery/api/service/user.go:139.2,146.16 2 0
gitlab.apk-group.net/siem/backend/asset-discovery/api/service/user.go:146.16,148.3 1 0
gitlab.apk-group.net/siem/backend/asset-discovery/api/service/user.go:150.2,150.8 1 0
gitlab.apk-group.net/siem/backend/asset-discovery/internal/asset/service.go:32.61,36.2 1 0
gitlab.apk-group.net/siem/backend/asset-discovery/internal/asset/service.go:38.127,49.16 4 0
gitlab.apk-group.net/siem/backend/asset-discovery/internal/asset/service.go:49.16,50.48 1 0
gitlab.apk-group.net/siem/backend/asset-discovery/internal/asset/service.go:50.48,53.4 2 0
gitlab.apk-group.net/siem/backend/asset-discovery/internal/asset/service.go:54.3,54.54 1 0
gitlab.apk-group.net/siem/backend/asset-discovery/internal/asset/service.go:54.54,57.4 2 0
gitlab.apk-group.net/siem/backend/asset-discovery/internal/asset/service.go:58.3,59.40 2 0
gitlab.apk-group.net/siem/backend/asset-discovery/internal/asset/service.go:62.2,63.21 2 0
gitlab.apk-group.net/siem/backend/asset-discovery/internal/asset/service.go:66.105,74.16 6 0
gitlab.apk-group.net/siem/backend/asset-discovery/internal/asset/service.go:74.16,77.3 2 0
gitlab.apk-group.net/siem/backend/asset-discovery/internal/asset/service.go:79.2,79.19 1 0
gitlab.apk-group.net/siem/backend/asset-discovery/internal/asset/service.go:79.19,82.3 2 0
gitlab.apk-group.net/siem/backend/asset-discovery/internal/asset/service.go:84.2,84.22 1 0
gitlab.apk-group.net/siem/backend/asset-discovery/internal/asset/service.go:84.22,87.3 2 0
gitlab.apk-group.net/siem/backend/asset-discovery/internal/asset/service.go:89.2,90.24 2 0
gitlab.apk-group.net/siem/backend/asset-discovery/internal/asset/service.go:93.110,98.16 4 0
gitlab.apk-group.net/siem/backend/asset-discovery/internal/asset/service.go:98.16,101.3 2 0
gitlab.apk-group.net/siem/backend/asset-discovery/internal/asset/service.go:103.2,104.20 2 0
gitlab.apk-group.net/siem/backend/asset-discovery/internal/asset/service.go:107.152,112.16 4 0
gitlab.apk-group.net/siem/backend/asset-discovery/internal/asset/service.go:112.16,115.3 2 0
gitlab.apk-group.net/siem/backend/asset-discovery/internal/asset/service.go:117.2,118.20 2 0
gitlab.apk-group.net/siem/backend/asset-discovery/internal/asset/service.go:121.165,133.16 4 0
gitlab.apk-group.net/siem/backend/asset-discovery/internal/asset/service.go:133.16,136.3 2 0
gitlab.apk-group.net/siem/backend/asset-discovery/internal/asset/service.go:138.2,143.27 2 0
gitlab.apk-group.net/siem/backend/asset-discovery/internal/asset/service.go:146.84,157.16 4 0
gitlab.apk-group.net/siem/backend/asset-discovery/internal/asset/service.go:157.16,158.48 1 0
gitlab.apk-group.net/siem/backend/asset-discovery/internal/asset/service.go:158.48,161.4 2 0
gitlab.apk-group.net/siem/backend/asset-discovery/internal/asset/service.go:162.3,163.30 2 0
gitlab.apk-group.net/siem/backend/asset-discovery/internal/asset/service.go:166.2,167.12 2 0
gitlab.apk-group.net/siem/backend/asset-discovery/internal/asset/service.go:171.116,179.50 2 0
gitlab.apk-group.net/siem/backend/asset-discovery/internal/asset/service.go:179.50,182.17 3 0
gitlab.apk-group.net/siem/backend/asset-discovery/internal/asset/service.go:182.17,185.4 2 0
gitlab.apk-group.net/siem/backend/asset-discovery/internal/asset/service.go:187.3,188.54 2 0
gitlab.apk-group.net/siem/backend/asset-discovery/internal/asset/service.go:189.8,189.45 1 0
gitlab.apk-group.net/siem/backend/asset-discovery/internal/asset/service.go:189.45,193.20 2 0
gitlab.apk-group.net/siem/backend/asset-discovery/internal/asset/service.go:193.20,197.4 3 0
gitlab.apk-group.net/siem/backend/asset-discovery/internal/asset/service.go:200.3,202.54 3 0
gitlab.apk-group.net/siem/backend/asset-discovery/internal/asset/service.go:206.2,207.25 2 0
gitlab.apk-group.net/siem/backend/asset-discovery/internal/asset/service.go:207.25,209.17 2 0
gitlab.apk-group.net/siem/backend/asset-discovery/internal/asset/service.go:209.17,212.4 2 0
gitlab.apk-group.net/siem/backend/asset-discovery/internal/asset/service.go:213.3,213.45 1 0
gitlab.apk-group.net/siem/backend/asset-discovery/internal/asset/service.go:216.2,219.19 2 0
gitlab.apk-group.net/siem/backend/asset-discovery/internal/asset/service.go:219.19,220.14 1 0
gitlab.apk-group.net/siem/backend/asset-discovery/internal/asset/service.go:220.14,225.4 3 0
gitlab.apk-group.net/siem/backend/asset-discovery/internal/asset/service.go:227.3,230.54 3 0
gitlab.apk-group.net/siem/backend/asset-discovery/internal/asset/service.go:234.2,234.13 1 0
gitlab.apk-group.net/siem/backend/asset-discovery/internal/asset/service.go:234.13,235.27 1 0
gitlab.apk-group.net/siem/backend/asset-discovery/internal/asset/service.go:235.27,239.4 3 0
gitlab.apk-group.net/siem/backend/asset-discovery/internal/asset/service.go:241.3,243.54 3 0
gitlab.apk-group.net/siem/backend/asset-discovery/internal/asset/service.go:246.2,246.26 1 0
gitlab.apk-group.net/siem/backend/asset-discovery/internal/asset/service.go:246.26,249.3 2 0
gitlab.apk-group.net/siem/backend/asset-discovery/internal/asset/service.go:251.2,253.53 3 0
gitlab.apk-group.net/siem/backend/asset-discovery/internal/asset/service.go:257.166,266.16 4 0
gitlab.apk-group.net/siem/backend/asset-discovery/internal/asset/service.go:266.16,269.3 2 0
gitlab.apk-group.net/siem/backend/asset-discovery/internal/asset/service.go:271.2,277.24 2 0
gitlab.apk-group.net/siem/backend/asset-discovery/internal/asset/service.go:281.99,288.23 4 0
gitlab.apk-group.net/siem/backend/asset-discovery/internal/asset/service.go:288.23,291.3 2 0
gitlab.apk-group.net/siem/backend/asset-discovery/internal/asset/service.go:293.2,301.32 3 0
gitlab.apk-group.net/siem/backend/asset-discovery/internal/asset/service.go:301.32,303.3 1 0
gitlab.apk-group.net/siem/backend/asset-discovery/internal/asset/service.go:305.2,306.20 2 0
gitlab.apk-group.net/siem/backend/asset-discovery/internal/asset/service.go:306.20,308.3 1 0
gitlab.apk-group.net/siem/backend/asset-discovery/internal/asset/service.go:311.2,312.32 2 0
gitlab.apk-group.net/siem/backend/asset-discovery/internal/asset/service.go:312.32,313.41 1 0
gitlab.apk-group.net/siem/backend/asset-discovery/internal/asset/service.go:313.41,314.42 1 0
gitlab.apk-group.net/siem/backend/asset-discovery/internal/asset/service.go:314.42,316.5 1 0
gitlab.apk-group.net/siem/backend/asset-discovery/internal/asset/service.go:321.2,322.34 2 0
gitlab.apk-group.net/siem/backend/asset-discovery/internal/asset/service.go:322.34,323.43 1 0
gitlab.apk-group.net/siem/backend/asset-discovery/internal/asset/service.go:323.43,324.25 1 0
gitlab.apk-group.net/siem/backend/asset-discovery/internal/asset/service.go:324.25,326.5 1 0
gitlab.apk-group.net/siem/backend/asset-discovery/internal/asset/service.go:331.2,332.35 2 0
gitlab.apk-group.net/siem/backend/asset-discovery/internal/asset/service.go:332.35,333.44 1 0
gitlab.apk-group.net/siem/backend/asset-discovery/internal/asset/service.go:333.44,334.25 1 0
gitlab.apk-group.net/siem/backend/asset-discovery/internal/asset/service.go:334.25,336.5 1 0
gitlab.apk-group.net/siem/backend/asset-discovery/internal/asset/service.go:340.2,345.46 4 0
gitlab.apk-group.net/siem/backend/asset-discovery/internal/asset/service.go:345.46,348.3 2 0
gitlab.apk-group.net/siem/backend/asset-discovery/internal/asset/service.go:350.2,357.41 4 0
gitlab.apk-group.net/siem/backend/asset-discovery/internal/asset/service.go:357.41,360.3 2 0
gitlab.apk-group.net/siem/backend/asset-discovery/internal/asset/service.go:363.2,364.42 2 0
gitlab.apk-group.net/siem/backend/asset-discovery/internal/asset/service.go:364.42,367.3 2 0
gitlab.apk-group.net/siem/backend/asset-discovery/internal/asset/service.go:370.2,372.41 2 0
gitlab.apk-group.net/siem/backend/asset-discovery/internal/asset/service.go:372.41,375.3 2 0
gitlab.apk-group.net/siem/backend/asset-discovery/internal/asset/service.go:377.2,377.42 1 0
gitlab.apk-group.net/siem/backend/asset-discovery/internal/asset/service.go:377.42,380.3 2 0
gitlab.apk-group.net/siem/backend/asset-discovery/internal/asset/service.go:383.2,383.42 1 0
gitlab.apk-group.net/siem/backend/asset-discovery/internal/asset/service.go:383.42,384.32 1 0
gitlab.apk-group.net/siem/backend/asset-discovery/internal/asset/service.go:384.32,388.4 3 0
gitlab.apk-group.net/siem/backend/asset-discovery/internal/asset/service.go:392.2,392.35 1 0
gitlab.apk-group.net/siem/backend/asset-discovery/internal/asset/service.go:392.35,397.19 4 0
gitlab.apk-group.net/siem/backend/asset-discovery/internal/asset/service.go:397.19,400.4 2 0
gitlab.apk-group.net/siem/backend/asset-discovery/internal/asset/service.go:403.3,403.35 1 0
gitlab.apk-group.net/siem/backend/asset-discovery/internal/asset/service.go:403.35,405.27 1 0
gitlab.apk-group.net/siem/backend/asset-discovery/internal/asset/service.go:405.27,406.28 1 0
gitlab.apk-group.net/siem/backend/asset-discovery/internal/asset/service.go:406.28,414.46 5 0
gitlab.apk-group.net/siem/backend/asset-discovery/internal/asset/service.go:414.46,416.7 1 0
gitlab.apk-group.net/siem/backend/asset-discovery/internal/asset/service.go:419.9,419.26 1 0
gitlab.apk-group.net/siem/backend/asset-discovery/internal/asset/service.go:419.26,421.27 1 0
gitlab.apk-group.net/siem/backend/asset-discovery/internal/asset/service.go:421.27,428.45 4 0
gitlab.apk-group.net/siem/backend/asset-discovery/internal/asset/service.go:428.45,430.6 1 0
gitlab.apk-group.net/siem/backend/asset-discovery/internal/asset/service.go:432.9,432.26 1 0
gitlab.apk-group.net/siem/backend/asset-discovery/internal/asset/service.go:432.26,434.27 1 0
gitlab.apk-group.net/siem/backend/asset-discovery/internal/asset/service.go:434.27,441.45 4 0
gitlab.apk-group.net/siem/backend/asset-discovery/internal/asset/service.go:441.45,443.6 1 0
gitlab.apk-group.net/siem/backend/asset-discovery/internal/asset/service.go:445.9,450.44 3 0
gitlab.apk-group.net/siem/backend/asset-discovery/internal/asset/service.go:450.44,452.5 1 0
gitlab.apk-group.net/siem/backend/asset-discovery/internal/asset/service.go:456.2,456.42 1 0
gitlab.apk-group.net/siem/backend/asset-discovery/internal/asset/service.go:456.42,458.32 2 0
gitlab.apk-group.net/siem/backend/asset-discovery/internal/asset/service.go:458.32,460.28 2 0
gitlab.apk-group.net/siem/backend/asset-discovery/internal/asset/service.go:460.28,461.13 1 0
gitlab.apk-group.net/siem/backend/asset-discovery/internal/asset/service.go:465.3,468.43 3 0
gitlab.apk-group.net/siem/backend/asset-discovery/internal/asset/service.go:468.43,470.4 1 0
gitlab.apk-group.net/siem/backend/asset-discovery/internal/asset/service.go:473.2,474.39 2 0
gitlab.apk-group.net/siem/backend/asset-discovery/internal/asset/service.go:474.39,477.3 2 0
gitlab.apk-group.net/siem/backend/asset-discovery/internal/asset/service.go:479.2,485.21 3 0
gitlab.apk-group.net/siem/backend/asset-discovery/internal/asset/service.go:489.94,490.33 1 0
gitlab.apk-group.net/siem/backend/asset-discovery/internal/asset/service.go:490.33,491.35 1 0
gitlab.apk-group.net/siem/backend/asset-discovery/internal/asset/service.go:491.35,493.4 1 0
gitlab.apk-group.net/siem/backend/asset-discovery/internal/asset/service.go:495.2,495.12 1 0
gitlab.apk-group.net/siem/backend/asset-discovery/internal/asset/service.go:499.96,500.33 1 0
gitlab.apk-group.net/siem/backend/asset-discovery/internal/asset/service.go:500.33,501.36 1 0
gitlab.apk-group.net/siem/backend/asset-discovery/internal/asset/service.go:501.36,503.4 1 0
gitlab.apk-group.net/siem/backend/asset-discovery/internal/asset/service.go:505.2,505.12 1 0
gitlab.apk-group.net/siem/backend/asset-discovery/internal/asset/service.go:509.37,510.14 1 0
gitlab.apk-group.net/siem/backend/asset-discovery/internal/asset/service.go:510.14,512.3 1 0
gitlab.apk-group.net/siem/backend/asset-discovery/internal/asset/service.go:513.2,513.73 1 0
gitlab.apk-group.net/siem/backend/asset-discovery/internal/asset/service.go:517.77,522.16 4 0
gitlab.apk-group.net/siem/backend/asset-discovery/internal/asset/service.go:522.16,525.3 2 0
gitlab.apk-group.net/siem/backend/asset-discovery/internal/asset/service.go:527.2,528.21 2 0
gitlab.apk-group.net/siem/backend/asset-discovery/internal/asset/service.go:534.95,538.16 3 0
gitlab.apk-group.net/siem/backend/asset-discovery/internal/asset/service.go:538.16,541.3 2 0
gitlab.apk-group.net/siem/backend/asset-discovery/internal/asset/service.go:545.2,560.18 3 0
gitlab.apk-group.net/siem/backend/asset-discovery/internal/asset/service.go:564.105,568.16 3 0
gitlab.apk-group.net/siem/backend/asset-discovery/internal/asset/service.go:568.16,571.3 2 0
gitlab.apk-group.net/siem/backend/asset-discovery/internal/asset/service.go:573.2,578.18 3 0
gitlab.apk-group.net/siem/backend/asset-discovery/internal/asset/service.go:582.107,586.16 3 0
gitlab.apk-group.net/siem/backend/asset-discovery/internal/asset/service.go:586.16,589.3 2 0
gitlab.apk-group.net/siem/backend/asset-discovery/internal/asset/service.go:591.2,596.18 3 0
gitlab.apk-group.net/siem/backend/asset-discovery/internal/asset/service.go:600.105,604.16 3 0
gitlab.apk-group.net/siem/backend/asset-discovery/internal/asset/service.go:604.16,607.3 2 0
gitlab.apk-group.net/siem/backend/asset-discovery/internal/asset/service.go:609.2,615.18 3 0
gitlab.apk-group.net/siem/backend/asset-discovery/internal/asset/service.go:618.67,619.16 1 0
gitlab.apk-group.net/siem/backend/asset-discovery/internal/asset/service.go:619.16,622.3 2 0
gitlab.apk-group.net/siem/backend/asset-discovery/internal/asset/service.go:624.2,625.24 2 0
gitlab.apk-group.net/siem/backend/asset-discovery/internal/asset/service.go:625.24,627.3 1 0
gitlab.apk-group.net/siem/backend/asset-discovery/internal/asset/service.go:629.2,629.12 1 0
gitlab.apk-group.net/siem/backend/asset-discovery/pkg/adapter/storage/asset_repo.go:21.47,25.2 1 0
gitlab.apk-group.net/siem/backend/asset-discovery/pkg/adapter/storage/asset_repo.go:33.117,38.21 3 0
gitlab.apk-group.net/siem/backend/asset-discovery/pkg/adapter/storage/asset_repo.go:38.21,41.3 2 0
gitlab.apk-group.net/siem/backend/asset-discovery/pkg/adapter/storage/asset_repo.go:43.2,43.15 1 0
gitlab.apk-group.net/siem/backend/asset-discovery/pkg/adapter/storage/asset_repo.go:43.15,44.31 1 0
gitlab.apk-group.net/siem/backend/asset-discovery/pkg/adapter/storage/asset_repo.go:44.31,47.4 2 0
gitlab.apk-group.net/siem/backend/asset-discovery/pkg/adapter/storage/asset_repo.go:50.2,52.54 1 0
gitlab.apk-group.net/siem/backend/asset-discovery/pkg/adapter/storage/asset_repo.go:52.54,56.3 3 0
gitlab.apk-group.net/siem/backend/asset-discovery/pkg/adapter/storage/asset_repo.go:57.2,59.29 2 0
gitlab.apk-group.net/siem/backend/asset-discovery/pkg/adapter/storage/asset_repo.go:59.29,61.48 2 0
gitlab.apk-group.net/siem/backend/asset-discovery/pkg/adapter/storage/asset_repo.go:61.48,65.4 3 0
gitlab.apk-group.net/siem/backend/asset-discovery/pkg/adapter/storage/asset_repo.go:68.2,71.42 2 0
gitlab.apk-group.net/siem/backend/asset-discovery/pkg/adapter/storage/asset_repo.go:71.42,74.3 2 0
gitlab.apk-group.net/siem/backend/asset-discovery/pkg/adapter/storage/asset_repo.go:76.2,77.12 2 0
gitlab.apk-group.net/siem/backend/asset-discovery/pkg/adapter/storage/asset_repo.go:81.130,83.50 1 0
gitlab.apk-group.net/siem/backend/asset-discovery/pkg/adapter/storage/asset_repo.go:83.50,85.3 1 0
gitlab.apk-group.net/siem/backend/asset-discovery/pkg/adapter/storage/asset_repo.go:87.2,94.33 1 0
gitlab.apk-group.net/siem/backend/asset-discovery/pkg/adapter/storage/asset_repo.go:94.33,95.28 1 0
gitlab.apk-group.net/siem/backend/asset-discovery/pkg/adapter/storage/asset_repo.go:95.28,97.5 1 0
gitlab.apk-group.net/siem/backend/asset-discovery/pkg/adapter/storage/asset_repo.go:97.10,99.5 1 0
gitlab.apk-group.net/siem/backend/asset-discovery/pkg/adapter/storage/asset_repo.go:103.2,106.35 2 0
gitlab.apk-group.net/siem/backend/asset-discovery/pkg/adapter/storage/asset_repo.go:106.35,109.3 2 0
gitlab.apk-group.net/siem/backend/asset-discovery/pkg/adapter/storage/asset_repo.go:111.2,111.15 1 0
gitlab.apk-group.net/siem/backend/asset-discovery/pkg/adapter/storage/asset_repo.go:111.15,114.3 2 0
gitlab.apk-group.net/siem/backend/asset-discovery/pkg/adapter/storage/asset_repo.go:117.2,118.41 2 0
gitlab.apk-group.net/siem/backend/asset-discovery/pkg/adapter/storage/asset_repo.go:118.41,120.31 1 0
gitlab.apk-group.net/siem/backend/asset-discovery/pkg/adapter/storage/asset_repo.go:120.31,129.4 1 0
gitlab.apk-group.net/siem/backend/asset-discovery/pkg/adapter/storage/asset_repo.go:129.9,131.4 1 0
gitlab.apk-group.net/siem/backend/asset-discovery/pkg/adapter/storage/asset_repo.go:133.2,139.35 4 0
gitlab.apk-group.net/siem/backend/asset-discovery/pkg/adapter/storage/asset_repo.go:139.35,143.3 3 0
gitlab.apk-group.net/siem/backend/asset-discovery/pkg/adapter/storage/asset_repo.go:146.2,150.16 3 0
gitlab.apk-group.net/siem/backend/asset-discovery/pkg/adapter/storage/asset_repo.go:150.16,152.3 1 0
gitlab.apk-group.net/siem/backend/asset-discovery/pkg/adapter/storage/asset_repo.go:154.2,154.15 1 0
gitlab.apk-group.net/siem/backend/asset-discovery/pkg/adapter/storage/asset_repo.go:154.15,155.31 1 0
gitlab.apk-group.net/siem/backend/asset-discovery/pkg/adapter/storage/asset_repo.go:155.31,157.4 1 0
gitlab.apk-group.net/siem/backend/asset-discovery/pkg/adapter/storage/asset_repo.go:161.2,161.28 1 0
gitlab.apk-group.net/siem/backend/asset-discovery/pkg/adapter/storage/asset_repo.go:161.28,164.17 2 0
gitlab.apk-group.net/siem/backend/asset-discovery/pkg/adapter/storage/asset_repo.go:164.17,166.49 2 0
gitlab.apk-group.net/siem/backend/asset-discovery/pkg/adapter/storage/asset_repo.go:166.49,169.5 2 0
gitlab.apk-group.net/siem/backend/asset-discovery/pkg/adapter/storage/asset_repo.go:170.4,171.34 2 0
gitlab.apk-group.net/siem/backend/asset-discovery/pkg/adapter/storage/asset_repo.go:173.8,175.62 1 0
gitlab.apk-group.net/siem/backend/asset-discovery/pkg/adapter/storage/asset_repo.go:175.62,179.4 3 0
gitlab.apk-group.net/siem/backend/asset-discovery/pkg/adapter/storage/asset_repo.go:182.3,182.81 1 0
gitlab.apk-group.net/siem/backend/asset-discovery/pkg/adapter/storage/asset_repo.go:182.81,186.4 3 0
gitlab.apk-group.net/siem/backend/asset-discovery/pkg/adapter/storage/asset_repo.go:189.3,189.24 1 0
gitlab.apk-group.net/siem/backend/asset-discovery/pkg/adapter/storage/asset_repo.go:189.24,190.78 1 0
gitlab.apk-group.net/siem/backend/asset-discovery/pkg/adapter/storage/asset_repo.go:190.78,194.5 3 0
gitlab.apk-group.net/siem/backend/asset-discovery/pkg/adapter/storage/asset_repo.go:195.9,197.4 1 0
gitlab.apk-group.net/siem/backend/asset-discovery/pkg/adapter/storage/asset_repo.go:201.2,201.42 1 0
gitlab.apk-group.net/siem/backend/asset-discovery/pkg/adapter/storage/asset_repo.go:201.42,204.3 2 0
gitlab.apk-group.net/siem/backend/asset-discovery/pkg/adapter/storage/asset_repo.go:206.2,208.22 2 0
gitlab.apk-group.net/siem/backend/asset-discovery/pkg/adapter/storage/asset_repo.go:212.54,214.14 1 0
gitlab.apk-group.net/siem/backend/asset-discovery/pkg/adapter/storage/asset_repo.go:214.14,217.3 2 0
gitlab.apk-group.net/siem/backend/asset-discovery/pkg/adapter/storage/asset_repo.go:220.2,220.32 1 0
gitlab.apk-group.net/siem/backend/asset-discovery/pkg/adapter/storage/asset_repo.go:220.32,223.3 2 0
gitlab.apk-group.net/siem/backend/asset-discovery/pkg/adapter/storage/asset_repo.go:226.2,227.21 2 0
gitlab.apk-group.net/siem/backend/asset-discovery/pkg/adapter/storage/asset_repo.go:227.21,230.3 2 0
gitlab.apk-group.net/siem/backend/asset-discovery/pkg/adapter/storage/asset_repo.go:232.2,232.29 1 0
gitlab.apk-group.net/siem/backend/asset-discovery/pkg/adapter/storage/asset_repo.go:232.29,234.41 2 0
gitlab.apk-group.net/siem/backend/asset-discovery/pkg/adapter/storage/asset_repo.go:234.41,237.4 2 0
gitlab.apk-group.net/siem/backend/asset-discovery/pkg/adapter/storage/asset_repo.go:240.2,241.13 2 0
gitlab.apk-group.net/siem/backend/asset-discovery/pkg/adapter/storage/asset_repo.go:245.97,254.16 4 0
gitlab.apk-group.net/siem/backend/asset-discovery/pkg/adapter/storage/asset_repo.go:254.16,257.3 2 0
gitlab.apk-group.net/siem/backend/asset-discovery/pkg/adapter/storage/asset_repo.go:259.2,260.22 2 0
gitlab.apk-group.net/siem/backend/asset-discovery/pkg/adapter/storage/asset_repo.go:265.118,266.26 1 0
gitlab.apk-group.net/siem/backend/asset-discovery/pkg/adapter/storage/asset_repo.go:266.26,269.3 2 0
gitlab.apk-group.net/siem/backend/asset-discovery/pkg/adapter/storage/asset_repo.go:271.2,274.33 3 0
gitlab.apk-group.net/siem/backend/asset-discovery/pkg/adapter/storage/asset_repo.go:274.33,276.3 1 0
gitlab.apk-group.net/siem/backend/asset-discovery/pkg/adapter/storage/asset_repo.go:278.2,285.26 3 0
gitlab.apk-group.net/siem/backend/asset-discovery/pkg/adapter/storage/asset_repo.go:285.26,288.17 3 0
gitlab.apk-group.net/siem/backend/asset-discovery/pkg/adapter/storage/asset_repo.go:288.17,291.4 2 0
gitlab.apk-group.net/siem/backend/asset-discovery/pkg/adapter/storage/asset_repo.go:292.8,295.17 3 0
gitlab.apk-group.net/siem/backend/asset-discovery/pkg/adapter/storage/asset_repo.go:295.17,298.4 2 0
gitlab.apk-group.net/siem/backend/asset-discovery/pkg/adapter/storage/asset_repo.go:301.2,302.27 2 0
gitlab.apk-group.net/siem/backend/asset-discovery/pkg/adapter/storage/asset_repo.go:302.27,304.3 1 0
gitlab.apk-group.net/siem/backend/asset-discovery/pkg/adapter/storage/asset_repo.go:306.2,311.27 4 0
gitlab.apk-group.net/siem/backend/asset-discovery/pkg/adapter/storage/asset_repo.go:311.27,316.17 3 0
gitlab.apk-group.net/siem/backend/asset-discovery/pkg/adapter/storage/asset_repo.go:316.17,318.12 2 0
gitlab.apk-group.net/siem/backend/asset-discovery/pkg/adapter/storage/asset_repo.go:320.3,320.32 1 0
gitlab.apk-group.net/siem/backend/asset-discovery/pkg/adapter/storage/asset_repo.go:323.2,324.20 2 0
gitlab.apk-group.net/siem/backend/asset-discovery/pkg/adapter/storage/asset_repo.go:328.160,329.26 1 0
gitlab.apk-group.net/siem/backend/asset-discovery/pkg/adapter/storage/asset_repo.go:329.26,332.3 2 0
gitlab.apk-group.net/siem/backend/asset-discovery/pkg/adapter/storage/asset_repo.go:334.2,340.33 3 0
gitlab.apk-group.net/siem/backend/asset-discovery/pkg/adapter/storage/asset_repo.go:340.33,342.3 1 0
gitlab.apk-group.net/siem/backend/asset-discovery/pkg/adapter/storage/asset_repo.go:344.2,351.26 2 0
gitlab.apk-group.net/siem/backend/asset-discovery/pkg/adapter/storage/asset_repo.go:351.26,354.3 2 0
gitlab.apk-group.net/siem/backend/asset-discovery/pkg/adapter/storage/asset_repo.go:354.8,357.3 2 0
gitlab.apk-group.net/siem/backend/asset-discovery/pkg/adapter/storage/asset_repo.go:360.2,361.26 2 0
gitlab.apk-group.net/siem/backend/asset-discovery/pkg/adapter/storage/asset_repo.go:361.26,363.36 2 0
gitlab.apk-group.net/siem/backend/asset-discovery/pkg/adapter/storage/asset_repo.go:363.36,366.72 2 0
gitlab.apk-group.net/siem/backend/asset-discovery/pkg/adapter/storage/asset_repo.go:366.72,369.5 2 0
gitlab.apk-group.net/siem/backend/asset-discovery/pkg/adapter/storage/asset_repo.go:370.4,371.28 2 0
gitlab.apk-group.net/siem/backend/asset-discovery/pkg/adapter/storage/asset_repo.go:371.28,373.5 1 0
gitlab.apk-group.net/siem/backend/asset-discovery/pkg/adapter/storage/asset_repo.go:375.4,375.144 1 0
gitlab.apk-group.net/siem/backend/asset-discovery/pkg/adapter/storage/asset_repo.go:375.144,376.26 1 0
gitlab.apk-group.net/siem/backend/asset-discovery/pkg/adapter/storage/asset_repo.go:376.26,378.6 1 0
gitlab.apk-group.net/siem/backend/asset-discovery/pkg/adapter/storage/asset_repo.go:378.11,380.6 1 0
[...]
gitlab.apk-group.net/siem/backend/asset-discovery/pkg/adapter/storage/scanner_repo.go:1025.45,1028.4 1 0
gitlab.apk-group.net/siem/backend/asset-discovery/pkg/adapter/storage/scanner_repo.go:1029.3,1029.13 1 0
gitlab.apk-group.net/siem/backend/asset-discovery/pkg/adapter/storage/scanner_repo.go:1033.2,1037.107 4 0
gitlab.apk-group.net/siem/backend/asset-discovery/pkg/adapter/storage/scanner_repo.go:1041.98,1045.46 2 0
gitlab.apk-group.net/siem/backend/asset-discovery/pkg/adapter/storage/scanner_repo.go:1045.46,1047.3 1 0
gitlab.apk-group.net/siem/backend/asset-discovery/pkg/adapter/storage/scanner_repo.go:1049.2,1053.12 4 0
gitlab.apk-group.net/siem/backend/asset-discovery/pkg/adapter/storage/scanner_repo.go:1057.90,1065.16 4 0
gitlab.apk-group.net/siem/backend/asset-discovery/pkg/adapter/storage/scanner_repo.go:1065.16,1068.3 2 0
gitlab.apk-group.net/siem/backend/asset-discovery/pkg/adapter/storage/scanner_repo.go:1071.2,1072.29 2 0
gitlab.apk-group.net/siem/backend/asset-discovery/pkg/adapter/storage/scanner_repo.go:1072.29,1084.25 2 0
gitlab.apk-group.net/siem/backend/asset-discovery/pkg/adapter/storage/scanner_repo.go:1084.25,1086.4 1 0
gitlab.apk-group.net/siem/backend/asset-discovery/pkg/adapter/storage/scanner_repo.go:1088.3,1088.35 1 0
gitlab.apk-group.net/siem/backend/asset-discovery/pkg/adapter/storage/scanner_repo.go:1091.2,1091.20 1 0
gitlab.apk-group.net/siem/backend/asset-discovery/pkg/adapter/storage/scanner_repo.go:1095.109,1103.16 4 0
gitlab.apk-group.net/siem/backend/asset-discovery/pkg/adapter/storage/scanner_repo.go:1103.16,1104.45 1 0
gitlab.apk-group.net/siem/backend/asset-discovery/pkg/adapter/storage/scanner_repo.go:1104.45,1106.4 1 0
gitlab.apk-group.net/siem/backend/asset-discovery/pkg/adapter/storage/scanner_repo.go:1107.3,1108.18 2 0
gitlab.apk-group.net/siem/backend/asset-discovery/pkg/adapter/storage/scanner_repo.go:1112.2,1123.30 2 0
gitlab.apk-group.net/siem/backend/asset-discovery/pkg/adapter/storage/scanner_repo.go:1123.30,1125.3 1 0
gitlab.apk-group.net/siem/backend/asset-discovery/pkg/adapter/storage/scanner_repo.go:1127.2,1127.20 1 0
gitlab.apk-group.net/siem/backend/asset-discovery/pkg/adapter/storage/scanner_repo.go:1131.95,1139.16 4 0
gitlab.apk-group.net/siem/backend/asset-discovery/pkg/adapter/storage/scanner_repo.go:1139.16,1140.45 1 0
gitlab.apk-group.net/siem/backend/asset-discovery/pkg/adapter/storage/scanner_repo.go:1140.45,1142.4 1 0
gitlab.apk-group.net/siem/backend/asset-discovery/pkg/adapter/storage/scanner_repo.go:1143.3,1144.18 2 0
gitlab.apk-group.net/siem/backend/asset-discovery/pkg/adapter/storage/scanner_repo.go:1148.2,1159.30 2 0
gitlab.apk-group.net/siem/backend/asset-discovery/pkg/adapter/storage/scanner_repo.go:1159.30,1161.3 1 0
gitlab.apk-group.net/siem/backend/asset-discovery/pkg/adapter/storage/scanner_repo.go:1163.2,1163.20 1 0
gitlab.apk-group.net/siem/backend/asset-discovery/pkg/adapter/storage/scanner_repo.go:1166.104,1172.34 3 0
gitlab.apk-group.net/siem/backend/asset-discovery/pkg/adapter/storage/scanner_repo.go:1172.34,1177.106 3 0
gitlab.apk-group.net/siem/backend/asset-discovery/pkg/adapter/storage/scanner_repo.go:1177.106,1179.4 1 0
gitlab.apk-group.net/siem/backend/asset-discovery/pkg/adapter/storage/scanner_repo.go:1180.3,1180.25 1 0
gitlab.apk-group.net/siem/backend/asset-discovery/pkg/adapter/storage/scanner_repo.go:1180.25,1182.4 1 0
gitlab.apk-group.net/siem/backend/asset-discovery/pkg/adapter/storage/scanner_repo.go:1183.8,1186.110 2 0
gitlab.apk-group.net/siem/backend/asset-discovery/pkg/adapter/storage/scanner_repo.go:1186.110,1187.46 1 0
gitlab.apk-group.net/siem/backend/asset-discovery/pkg/adapter/storage/scanner_repo.go:1187.46,1189.5 1 0
gitlab.apk-group.net/siem/backend/asset-discovery/pkg/adapter/storage/scanner_repo.go:1189.10,1191.5 1 0
gitlab.apk-group.net/siem/backend/asset-discovery/pkg/adapter/storage/scanner_repo.go:1192.9,1194.4 1 0
gitlab.apk-group.net/siem/backend/asset-discovery/pkg/adapter/storage/scanner_repo.go:1197.2,1206.77 3 0
gitlab.apk-group.net/siem/backend/asset-discovery/pkg/adapter/storage/scanner_repo.go:1206.77,1208.3 1 0
gitlab.apk-group.net/siem/backend/asset-discovery/pkg/adapter/storage/scanner_repo.go:1210.2,1213.56 2 0
gitlab.apk-group.net/siem/backend/asset-discovery/pkg/adapter/storage/scanner_repo.go:1216.94,1222.42 3 0
gitlab.apk-group.net/siem/backend/asset-discovery/pkg/adapter/storage/scanner_repo.go:1222.42,1223.45 1 0
gitlab.apk-group.net/siem/backend/asset-discovery/pkg/adapter/storage/scanner_repo.go:1223.45,1225.4 1 0
gitlab.apk-group.net/siem/backend/asset-discovery/pkg/adapter/storage/scanner_repo.go:1226.3,1226.60 1 0
gitlab.apk-group.net/siem/backend/asset-discovery/pkg/adapter/storage/scanner_repo.go:1229.2,1232.66 2 0
gitlab.apk-group.net/siem/backend/asset-discovery/pkg/adapter/storage/scanner_repo.go:1232.66,1239.38 3 0
gitlab.apk-group.net/siem/backend/asset-discovery/pkg/adapter/storage/scanner_repo.go:1239.38,1240.46 1 0
gitlab.apk-group.net/siem/backend/asset-discovery/pkg/adapter/storage/scanner_repo.go:1240.46,1243.5 1 0
gitlab.apk-group.net/siem/backend/asset-discovery/pkg/adapter/storage/scanner_repo.go:1243.10,1245.5 1 0
gitlab.apk-group.net/siem/backend/asset-discovery/pkg/adapter/storage/scanner_repo.go:1246.9,1258.32 2 0
gitlab.apk-group.net/siem/backend/asset-discovery/pkg/adapter/storage/scanner_repo.go:1258.32,1260.5 1 0
gitlab.apk-group.net/siem/backend/asset-discovery/pkg/adapter/storage/scanner_repo.go:1264.4,1264.52 1 0
gitlab.apk-group.net/siem/backend/asset-discovery/pkg/adapter/storage/scanner_repo.go:1264.52,1270.5 3 0
gitlab.apk-group.net/siem/backend/asset-discovery/pkg/adapter/storage/scanner_repo.go:1270.10,1274.5 3 0
gitlab.apk-group.net/siem/backend/asset-discovery/pkg/adapter/storage/scanner_repo.go:1276.8,1283.3 5 0
gitlab.apk-group.net/siem/backend/asset-discovery/pkg/adapter/storage/scanner_repo.go:1286.2,1286.60 1 0
gitlab.apk-group.net/siem/backend/asset-discovery/pkg/adapter/storage/scanner_repo.go:1290.111,1291.24 1 0
gitlab.apk-group.net/siem/backend/asset-discovery/pkg/adapter/storage/scanner_repo.go:1292.12,1293.23 1 0
gitlab.apk-group.net/siem/backend/asset-discovery/pkg/adapter/storage/scanner_repo.go:1293.23,1295.4 1 0
gitlab.apk-group.net/siem/backend/asset-discovery/pkg/adapter/storage/scanner_repo.go:1296.3,1300.72 2 0
gitlab.apk-group.net/siem/backend/asset-discovery/pkg/adapter/storage/scanner_repo.go:1300.72,1302.4 1 0
gitlab.apk-group.net/siem/backend/asset-discovery/pkg/adapter/storage/scanner_repo.go:1304.17,1305.46 1 0
gitlab.apk-group.net/siem/backend/asset-discovery/pkg/adapter/storage/scanner_repo.go:1305.46,1307.4 1 0
gitlab.apk-group.net/siem/backend/asset-discovery/pkg/adapter/storage/scanner_repo.go:1308.3,1313.82 2 0
gitlab.apk-group.net/siem/backend/asset-discovery/pkg/adapter/storage/scanner_repo.go:1313.82,1315.4 1 0
gitlab.apk-group.net/siem/backend/asset-discovery/pkg/adapter/storage/scanner_repo.go:1317.15,1318.51 1 0
gitlab.apk-group.net/siem/backend/asset-discovery/pkg/adapter/storage/scanner_repo.go:1318.51,1320.4 1 0
gitlab.apk-group.net/siem/backend/asset-discovery/pkg/adapter/storage/scanner_repo.go:1321.3,1326.78 2 0
gitlab.apk-group.net/siem/backend/asset-discovery/pkg/adapter/storage/scanner_repo.go:1326.78,1328.4 1 0
gitlab.apk-group.net/siem/backend/asset-discovery/pkg/adapter/storage/scanner_repo.go:1330.10,1331.67 1 0
gitlab.apk-group.net/siem/backend/asset-discovery/pkg/adapter/storage/scanner_repo.go:1334.2,1335.12 2 0
gitlab.apk-group.net/siem/backend/asset-discovery/pkg/adapter/storage/scanner_repo.go:1339.118,1340.24 1 0
gitlab.apk-group.net/siem/backend/asset-discovery/pkg/adapter/storage/scanner_repo.go:1341.12,1345.37 2 0
gitlab.apk-group.net/siem/backend/asset-discovery/pkg/adapter/storage/scanner_repo.go:1345.37,1346.46 1 0
gitlab.apk-group.net/siem/backend/asset-discovery/pkg/adapter/storage/scanner_repo.go:1346.46,1348.5 1 0
gitlab.apk-group.net/siem/backend/asset-discovery/pkg/adapter/storage/scanner_repo.go:1349.4,1349.60 1 0
gitlab.apk-group.net/siem/backend/asset-discovery/pkg/adapter/storage/scanner_repo.go:1351.3,1351.25 1 0
gitlab.apk-group.net/siem/backend/asset-discovery/pkg/adapter/storage/scanner_repo.go:1353.17,1357.42 2 0
gitlab.apk-group.net/siem/backend/asset-discovery/pkg/adapter/storage/scanner_repo.go:1357.42,1358.46 1 0
gitlab.apk-group.net/siem/backend/asset-discovery/pkg/adapter/storage/scanner_repo.go:1358.46,1360.5 1 0
gitlab.apk-group.net/siem/backend/asset-discovery/pkg/adapter/storage/scanner_repo.go:1361.4,1361.65 1 0
gitlab.apk-group.net/siem/backend/asset-discovery/pkg/adapter/storage/scanner_repo.go:1363.3,1364.38 2 0
gitlab.apk-group.net/siem/backend/asset-discovery/pkg/adapter/storage/scanner_repo.go:1366.15,1370.40 2 0
gitlab.apk-group.net/siem/backend/asset-discovery/pkg/adapter/storage/scanner_repo.go:1370.40,1371.46 1 0
gitlab.apk-group.net/siem/backend/asset-discovery/pkg/adapter/storage/scanner_repo.go:1371.46,1373.5 1 0
gitlab.apk-group.net/siem/backend/asset-discovery/pkg/adapter/storage/scanner_repo.go:1374.4,1374.63 1 0
gitlab.apk-group.net/siem/backend/asset-discovery/pkg/adapter/storage/scanner_repo.go:1376.3,1377.34 2 0
gitlab.apk-group.net/siem/backend/asset-discovery/pkg/adapter/storage/scanner_repo.go:1379.10,1380.67 1 0
gitlab.apk-group.net/siem/backend/asset-discovery/pkg/adapter/storage/scanner_repo.go:1383.2,1384.12 2 0
gitlab.apk-group.net/siem/backend/asset-discovery/pkg/adapter/storage/scanner_repo.go:1388.89,1390.117 2 0
gitlab.apk-group.net/siem/backend/asset-discovery/pkg/adapter/storage/scanner_repo.go:1390.117,1391.45 1 0
gitlab.apk-group.net/siem/backend/asset-discovery/pkg/adapter/storage/scanner_repo.go:1391.45,1393.4 1 0
gitlab.apk-group.net/siem/backend/asset-discovery/pkg/adapter/storage/scanner_repo.go:1394.3,1394.13 1 0
gitlab.apk-group.net/siem/backend/asset-discovery/pkg/adapter/storage/scanner_repo.go:1397.2,1402.101 5 0
gitlab.apk-group.net/siem/backend/asset-discovery/pkg/adapter/storage/scheduler_repo.go:23.46,28.2 1 0
gitlab.apk-group.net/siem/backend/asset-discovery/pkg/adapter/storage/scheduler_repo.go:31.94,59.16 5 0
gitlab.apk-group.net/siem/backend/asset-discovery/pkg/adapter/storage/scheduler_repo.go:59.16,62.3 2 0
gitlab.apk-group.net/siem/backend/asset-discovery/pkg/adapter/storage/scheduler_repo.go:63.2,66.18 2 0
gitlab.apk-group.net/siem/backend/asset-discovery/pkg/adapter/storage/scheduler_repo.go:66.18,81.17 6 0
gitlab.apk-group.net/siem/backend/asset-discovery/pkg/adapter/storage/scheduler_repo.go:81.17,83.12 2 0
gitlab.apk-group.net/siem/backend/asset-discovery/pkg/adapter/storage/scheduler_repo.go:86.3,98.28 4 0
gitlab.apk-group.net/siem/backend/asset-discovery/pkg/adapter/storage/scheduler_repo.go:98.28,100.4 1 0
gitlab.apk-group.net/siem/backend/asset-discovery/pkg/adapter/storage/scheduler_repo.go:102.3,102.31 1 0
gitlab.apk-group.net/siem/backend/asset-discovery/pkg/adapter/storage/scheduler_repo.go:102.31,104.4 1 0
gitlab.apk-group.net/siem/backend/asset-discovery/pkg/adapter/storage/scheduler_repo.go:107.3,107.38 1 0
gitlab.apk-group.net/siem/backend/asset-discovery/pkg/adapter/storage/scheduler_repo.go:108.38,109.78 1 0
gitlab.apk-group.net/siem/backend/asset-discovery/pkg/adapter/storage/scheduler_repo.go:109.78,111.13 2 0
gitlab.apk-group.net/siem/backend/asset-discovery/pkg/adapter/storage/scheduler_repo.go:113.41,114.81 1 0
gitlab.apk-group.net/siem/backend/asset-discovery/pkg/adapter/storage/scheduler_repo.go:114.81,116.13 2 0
gitlab.apk-group.net/siem/backend/asset-discovery/pkg/adapter/storage/scheduler_repo.go:118.40,119.80 1 0
gitlab.apk-group.net/siem/backend/asset-discovery/pkg/adapter/storage/scheduler_repo.go:119.80,121.13 2 0
gitlab.apk-group.net/siem/backend/asset-discovery/pkg/adapter/storage/scheduler_repo.go:123.40,124.80 1 0
gitlab.apk-group.net/siem/backend/asset-discovery/pkg/adapter/storage/scheduler_repo.go:124.80,126.13 2 0
gitlab.apk-group.net/siem/backend/asset-discovery/pkg/adapter/storage/scheduler_repo.go:128.42,129.82 1 0
gitlab.apk-group.net/siem/backend/asset-discovery/pkg/adapter/storage/scheduler_repo.go:129.82,131.13 2 0
gitlab.apk-group.net/siem/backend/asset-discovery/pkg/adapter/storage/scheduler_repo.go:136.3,137.34 2 0
gitlab.apk-group.net/siem/backend/asset-discovery/pkg/adapter/storage/scheduler_repo.go:137.34,139.4 1 0
gitlab.apk-group.net/siem/backend/asset-discovery/pkg/adapter/storage/scheduler_repo.go:142.3,143.30 2 0
gitlab.apk-group.net/siem/backend/asset-discovery/pkg/adapter/storage/scheduler_repo.go:143.30,145.4 1 0
gitlab.apk-group.net/siem/backend/asset-discovery/pkg/adapter/storage/scheduler_repo.go:145.9,147.4 1 0
gitlab.apk-group.net/siem/backend/asset-discovery/pkg/adapter/storage/scheduler_repo.go:149.3,165.34 3 0
gitlab.apk-group.net/siem/backend/asset-discovery/pkg/adapter/storage/scheduler_repo.go:165.34,167.4 1 0
gitlab.apk-group.net/siem/backend/asset-discovery/pkg/adapter/storage/scheduler_repo.go:170.3,177.101 3 0
gitlab.apk-group.net/siem/backend/asset-discovery/pkg/adapter/storage/scheduler_repo.go:180.2,181.28 2 0
gitlab.apk-group.net/siem/backend/asset-discovery/pkg/adapter/storage/scheduler_repo.go:185.95,190.15 3 0
gitlab.apk-group.net/siem/backend/asset-discovery/pkg/adapter/storage/scheduler_repo.go:190.15,192.3 1 0
gitlab.apk-group.net/siem/backend/asset-discovery/pkg/adapter/storage/scheduler_repo.go:195.2,207.69 3 0
gitlab.apk-group.net/siem/backend/asset-discovery/pkg/adapter/storage/scheduler_repo.go:207.69,210.3 2 0
gitlab.apk-group.net/siem/backend/asset-discovery/pkg/adapter/storage/scheduler_repo.go:212.2,213.24 2 0
gitlab.apk-group.net/siem/backend/asset-discovery/pkg/adapter/storage/scheduler_repo.go:217.140,222.15 3 0
gitlab.apk-group.net/siem/backend/asset-discovery/pkg/adapter/storage/scheduler_repo.go:222.15,224.3 1 0
gitlab.apk-group.net/siem/backend/asset-discovery/pkg/adapter/storage/scheduler_repo.go:227.2,228.16 2 0
gitlab.apk-group.net/siem/backend/asset-discovery/pkg/adapter/storage/scheduler_repo.go:229.37,231.17 2 0
gitlab.apk-group.net/siem/backend/asset-discovery/pkg/adapter/storage/scheduler_repo.go:232.35,234.15 2 0
gitlab.apk-group.net/siem/backend/asset-discovery/pkg/adapter/storage/scheduler_repo.go:235.36,236.24 1 0
gitlab.apk-group.net/siem/backend/asset-discovery/pkg/adapter/storage/scheduler_repo.go:237.36,238.24 1 0
gitlab.apk-group.net/siem/backend/asset-discovery/pkg/adapter/storage/scheduler_repo.go:239.38,241.15 2 0
gitlab.apk-group.net/siem/backend/asset-discovery/pkg/adapter/storage/scheduler_repo.go:242.10,244.15 2 0
gitlab.apk-group.net/siem/backend/asset-discovery/pkg/adapter/storage/scheduler_repo.go:248.2,252.16 2 0
gitlab.apk-group.net/siem/backend/asset-discovery/pkg/adapter/storage/scheduler_repo.go:252.16,254.3 1 0
gitlab.apk-group.net/siem/backend/asset-discovery/pkg/adapter/storage/scheduler_repo.go:257.2,261.25 2 0
gitlab.apk-group.net/siem/backend/asset-discovery/pkg/adapter/storage/scheduler_repo.go:261.25,264.3 2 0
gitlab.apk-group.net/siem/backend/asset-discovery/pkg/adapter/storage/scheduler_repo.go:266.2,266.30 1 0
gitlab.apk-group.net/siem/backend/asset-discovery/pkg/adapter/storage/scheduler_repo.go:266.30,269.3 2 0
gitlab.apk-group.net/siem/backend/asset-discovery/pkg/adapter/storage/scheduler_repo.go:271.2,272.12 2 0
gitlab.apk-group.net/siem/backend/asset-discovery/pkg/adapter/storage/scheduler_repo.go:276.116,281.15 3 0
gitlab.apk-group.net/siem/backend/asset-discovery/pkg/adapter/storage/scheduler_repo.go:281.15,283.3 1 0
gitlab.apk-group.net/siem/backend/asset-discovery/pkg/adapter/storage/scheduler_repo.go:285.2,289.27 3 0
gitlab.apk-group.net/siem/backend/asset-discovery/pkg/adapter/storage/scheduler_repo.go:289.27,293.17 4 0
gitlab.apk-group.net/siem/backend/asset-discovery/pkg/adapter/storage/scheduler_repo.go:293.17,296.4 2 0
gitlab.apk-group.net/siem/backend/asset-discovery/pkg/adapter/storage/scheduler_repo.go:298.3,299.85 2 0
gitlab.apk-group.net/siem/backend/asset-discovery/pkg/adapter/storage/scheduler_repo.go:300.8,303.3 2 0
gitlab.apk-group.net/siem/backend/asset-discovery/pkg/adapter/storage/scheduler_repo.go:306.2,313.25 2 0
gitlab.apk-group.net/siem/backend/asset-discovery/pkg/adapter/storage/scheduler_repo.go:313.25,316.3 2 0
gitlab.apk-group.net/siem/backend/asset-discovery/pkg/adapter/storage/scheduler_repo.go:318.2,318.30 1 0
gitlab.apk-group.net/siem/backend/asset-discovery/pkg/adapter/storage/scheduler_repo.go:318.30,321.3 2 0
gitlab.apk-group.net/siem/backend/asset-discovery/pkg/adapter/storage/scheduler_repo.go:323.2,324.27 2 0
gitlab.apk-group.net/siem/backend/asset-discovery/pkg/adapter/storage/scheduler_repo.go:324.27,326.3 1 0
gitlab.apk-group.net/siem/backend/asset-discovery/pkg/adapter/storage/scheduler_repo.go:327.2,328.12 2 0
gitlab.apk-group.net/siem/backend/asset-discovery/pkg/adapter/storage/scheduler_repo.go:332.102,337.15 3 0
gitlab.apk-group.net/siem/backend/asset-discovery/pkg/adapter/storage/scheduler_repo.go:337.15,339.3 1 0
gitlab.apk-group.net/siem/backend/asset-discovery/pkg/adapter/storage/scheduler_repo.go:341.2,342.87 2 0
gitlab.apk-group.net/siem/backend/asset-discovery/pkg/adapter/storage/scheduler_repo.go:342.87,343.45 1 0
gitlab.apk-group.net/siem/backend/asset-discovery/pkg/adapter/storage/scheduler_repo.go:343.45,346.4 2 0
gitlab.apk-group.net/siem/backend/asset-discovery/pkg/adapter/storage/scheduler_repo.go:347.3,347.18 1 0
gitlab.apk-group.net/siem/backend/asset-discovery/pkg/adapter/storage/scheduler_repo.go:351.2,360.24 2 0
gitlab.apk-group.net/siem/backend/asset-discovery/pkg/adapter/storage/scheduler_repo.go:360.24,362.3 1 0
gitlab.apk-group.net/siem/backend/asset-discovery/pkg/adapter/storage/scheduler_repo.go:364.2,364.23 1 0
gitlab.apk-group.net/siem/backend/asset-discovery/pkg/adapter/storage/user_repo.go:20.41,24.2 1 0
gitlab.apk-group.net/siem/backend/asset-discovery/pkg/adapter/storage/user_repo.go:26.89,31.16 5 0
gitlab.apk-group.net/siem/backend/asset-discovery/pkg/adapter/storage/user_repo.go:31.16,33.28 1 0
gitlab.apk-group.net/siem/backend/asset-discovery/pkg/adapter/storage/user_repo.go:35.2,35.70 1 0
gitlab.apk-group.net/siem/backend/asset-discovery/pkg/adapter/storage/user_repo.go:38.103,42.27 4 0
gitlab.apk-group.net/siem/backend/asset-discovery/pkg/adapter/storage/user_repo.go:42.27,44.3 1 0
gitlab.apk-group.net/siem/backend/asset-discovery/pkg/adapter/storage/user_repo.go:46.2,46.26 1 0
gitlab.apk-group.net/siem/backend/asset-discovery/pkg/adapter/storage/user_repo.go:46.26,48.3 1 0
gitlab.apk-group.net/siem/backend/asset-discovery/pkg/adapter/storage/user_repo.go:50.2,50.26 1 0
gitlab.apk-group.net/siem/backend/asset-discovery/pkg/adapter/storage/user_repo.go:50.26,52.3 1 0
gitlab.apk-group.net/siem/backend/asset-discovery/pkg/adapter/storage/user_repo.go:54.2,55.16 2 0
gitlab.apk-group.net/siem/backend/asset-discovery/pkg/adapter/storage/user_repo.go:55.16,56.45 1 0
gitlab.apk-group.net/siem/backend/asset-discovery/pkg/adapter/storage/user_repo.go:56.45,58.4 1 0
gitlab.apk-group.net/siem/backend/asset-discovery/pkg/adapter/storage/user_repo.go:59.3,59.20 1 0
gitlab.apk-group.net/siem/backend/asset-discovery/pkg/adapter/storage/user_repo.go:61.2,61.19 1 0
gitlab.apk-group.net/siem/backend/asset-discovery/pkg/adapter/storage/user_repo.go:64.85,68.13 4 0
gitlab.apk-group.net/siem/backend/asset-discovery/pkg/adapter/storage/user_repo.go:68.13,71.3 2 0
gitlab.apk-group.net/siem/backend/asset-discovery/pkg/adapter/storage/user_repo.go:72.2,72.12 1 0
gitlab.apk-group.net/siem/backend/asset-discovery/pkg/adapter/storage/user_repo.go:75.86,78.25 3 0
gitlab.apk-group.net/siem/backend/asset-discovery/pkg/adapter/storage/user_repo.go:78.25,81.3 2 0
gitlab.apk-group.net/siem/backend/asset-discovery/pkg/adapter/storage/user_repo.go:82.2,82.30 1 0
gitlab.apk-group.net/siem/backend/asset-discovery/pkg/adapter/storage/user_repo.go:82.30,84.3 1 0
gitlab.apk-group.net/siem/backend/asset-discovery/pkg/adapter/storage/user_repo.go:85.2,85.12 1 0
